2022-01-30 13:14:32,192 INFO    MainThread:41845 [internal.py:wandb_internal():87] W&B internal server running at pid: 41845, started at: 2022-01-30 13:14:32.192371
2022-01-30 13:14:32,193 DEBUG   HandlerThread:41845 [handler.py:handle_request():130] handle_request: check_version
2022-01-30 13:14:32,193 INFO    WriterThread:41845 [datastore.py:open_for_write():77] open: /Users/ivanovitchsilva/mlops/week_09/Example_01/decision_tree/wandb/run-20220130_131431-n7fsx7ve/run-n7fsx7ve.wandb
2022-01-30 13:14:32,194 DEBUG   SenderThread:41845 [sender.py:send():234] send: header
2022-01-30 13:14:32,194 DEBUG   SenderThread:41845 [sender.py:send_request():248] send_request: check_version
2022-01-30 13:14:32,457 DEBUG   SenderThread:41845 [sender.py:send():234] send: run
2022-01-30 13:14:32,903 INFO    SenderThread:41845 [dir_watcher.py:__init__():169] watching files in: /Users/ivanovitchsilva/mlops/week_09/Example_01/decision_tree/wandb/run-20220130_131431-n7fsx7ve/files
2022-01-30 13:14:32,903 INFO    SenderThread:41845 [sender.py:_start_run_threads():804] run started: n7fsx7ve with start time 1643559271
2022-01-30 13:14:32,903 DEBUG   SenderThread:41845 [sender.py:send():234] send: summary
2022-01-30 13:14:32,904 INFO    SenderThread:41845 [sender.py:_save_file():939] saving file wandb-summary.json with policy end
2022-01-30 13:14:32,906 DEBUG   HandlerThread:41845 [handler.py:handle_request():130] handle_request: run_start
2022-01-30 13:14:32,909 DEBUG   HandlerThread:41845 [meta.py:__init__():40] meta init
2022-01-30 13:14:32,910 DEBUG   HandlerThread:41845 [meta.py:__init__():54] meta init done
2022-01-30 13:14:32,910 DEBUG   HandlerThread:41845 [meta.py:probe():214] probe
2022-01-30 13:14:32,912 DEBUG   HandlerThread:41845 [meta.py:_setup_git():204] setup git
2022-01-30 13:14:32,975 DEBUG   HandlerThread:41845 [meta.py:_setup_git():211] setup git done
2022-01-30 13:14:32,975 DEBUG   HandlerThread:41845 [meta.py:_save_pip():58] save pip
2022-01-30 13:14:32,976 DEBUG   HandlerThread:41845 [meta.py:_save_pip():72] save pip done
2022-01-30 13:14:32,976 DEBUG   HandlerThread:41845 [meta.py:_save_conda():79] save conda
2022-01-30 13:14:33,910 INFO    Thread-8  :41845 [dir_watcher.py:_on_file_created():217] file/dir created: /Users/ivanovitchsilva/mlops/week_09/Example_01/decision_tree/wandb/run-20220130_131431-n7fsx7ve/files/requirements.txt
2022-01-30 13:14:33,910 INFO    Thread-8  :41845 [dir_watcher.py:_on_file_created():217] file/dir created: /Users/ivanovitchsilva/mlops/week_09/Example_01/decision_tree/wandb/run-20220130_131431-n7fsx7ve/files/conda-environment.yaml
2022-01-30 13:14:33,910 INFO    Thread-8  :41845 [dir_watcher.py:_on_file_created():217] file/dir created: /Users/ivanovitchsilva/mlops/week_09/Example_01/decision_tree/wandb/run-20220130_131431-n7fsx7ve/files/wandb-summary.json
2022-01-30 13:14:33,927 DEBUG   HandlerThread:41845 [meta.py:_save_conda():89] save conda done
2022-01-30 13:14:33,927 DEBUG   HandlerThread:41845 [meta.py:probe():252] probe done
2022-01-30 13:14:33,929 DEBUG   SenderThread:41845 [sender.py:send():234] send: files
2022-01-30 13:14:33,929 INFO    SenderThread:41845 [sender.py:_save_file():939] saving file wandb-metadata.json with policy now
2022-01-30 13:14:33,933 DEBUG   HandlerThread:41845 [handler.py:handle_request():130] handle_request: stop_status
2022-01-30 13:14:33,933 DEBUG   SenderThread:41845 [sender.py:send_request():248] send_request: stop_status
2022-01-30 13:14:34,918 INFO    Thread-8  :41845 [dir_watcher.py:_on_file_created():217] file/dir created: /Users/ivanovitchsilva/mlops/week_09/Example_01/decision_tree/wandb/run-20220130_131431-n7fsx7ve/files/output.log
2022-01-30 13:14:34,919 INFO    Thread-8  :41845 [dir_watcher.py:_on_file_created():217] file/dir created: /Users/ivanovitchsilva/mlops/week_09/Example_01/decision_tree/wandb/run-20220130_131431-n7fsx7ve/files/wandb-metadata.json
2022-01-30 13:14:34,989 INFO    Thread-11 :41845 [upload_job.py:push():137] Uploaded file /var/folders/y1/07xj9gnx39l066v29fqxzyy80000gn/T/tmp5_3barpzwandb/1bmzzfes-wandb-metadata.json
2022-01-30 13:14:36,703 DEBUG   SenderThread:41845 [sender.py:send():234] send: config
2022-01-30 13:14:36,845 DEBUG   SenderThread:41845 [sender.py:send():234] send: summary
2022-01-30 13:14:36,846 INFO    SenderThread:41845 [sender.py:_save_file():939] saving file wandb-summary.json with policy end
2022-01-30 13:14:36,846 DEBUG   SenderThread:41845 [sender.py:send():234] send: summary
2022-01-30 13:14:36,846 INFO    SenderThread:41845 [sender.py:_save_file():939] saving file wandb-summary.json with policy end
2022-01-30 13:14:36,926 INFO    Thread-8  :41845 [dir_watcher.py:_on_file_modified():230] file/dir modified: /Users/ivanovitchsilva/mlops/week_09/Example_01/decision_tree/wandb/run-20220130_131431-n7fsx7ve/files/output.log
2022-01-30 13:14:36,926 INFO    Thread-8  :41845 [dir_watcher.py:_on_file_modified():230] file/dir modified: /Users/ivanovitchsilva/mlops/week_09/Example_01/decision_tree/wandb/run-20220130_131431-n7fsx7ve/files/wandb-summary.json
2022-01-30 13:14:38,933 INFO    Thread-8  :41845 [dir_watcher.py:_on_file_modified():230] file/dir modified: /Users/ivanovitchsilva/mlops/week_09/Example_01/decision_tree/wandb/run-20220130_131431-n7fsx7ve/files/output.log
2022-01-30 13:14:40,943 INFO    Thread-8  :41845 [dir_watcher.py:_on_file_modified():230] file/dir modified: /Users/ivanovitchsilva/mlops/week_09/Example_01/decision_tree/wandb/run-20220130_131431-n7fsx7ve/files/output.log
2022-01-30 13:14:42,152 DEBUG   SenderThread:41845 [sender.py:send():234] send: files
2022-01-30 13:14:42,152 INFO    SenderThread:41845 [sender.py:_save_file():939] saving file media/images/confusion_matrix_0_2e2324e654b1b7626aa2.png with policy now
2022-01-30 13:14:42,155 DEBUG   SenderThread:41845 [sender.py:send():234] send: files
2022-01-30 13:14:42,155 INFO    SenderThread:41845 [sender.py:_save_file():939] saving file media/images/tree_0_755ecd9a6bbeb0e657f7.png with policy now
2022-01-30 13:14:42,155 DEBUG   SenderThread:41845 [sender.py:send():234] send: history
2022-01-30 13:14:42,155 DEBUG   SenderThread:41845 [sender.py:send():234] send: summary
2022-01-30 13:14:42,156 INFO    SenderThread:41845 [sender.py:_save_file():939] saving file wandb-summary.json with policy end
2022-01-30 13:14:42,782 DEBUG   HandlerThread:41845 [handler.py:handle_request():130] handle_request: log_artifact
2022-01-30 13:14:42,783 DEBUG   SenderThread:41845 [sender.py:send_request():248] send_request: log_artifact
2022-01-30 13:14:42,955 INFO    Thread-8  :41845 [dir_watcher.py:_on_file_modified():230] file/dir modified: /Users/ivanovitchsilva/mlops/week_09/Example_01/decision_tree/wandb/run-20220130_131431-n7fsx7ve/files/wandb-summary.json
2022-01-30 13:14:42,956 INFO    Thread-8  :41845 [dir_watcher.py:_on_file_created():217] file/dir created: /Users/ivanovitchsilva/mlops/week_09/Example_01/decision_tree/wandb/run-20220130_131431-n7fsx7ve/files/media/images/tree_0_755ecd9a6bbeb0e657f7.png
2022-01-30 13:14:42,957 INFO    Thread-8  :41845 [dir_watcher.py:_on_file_created():217] file/dir created: /Users/ivanovitchsilva/mlops/week_09/Example_01/decision_tree/wandb/run-20220130_131431-n7fsx7ve/files/media/images/confusion_matrix_0_2e2324e654b1b7626aa2.png
2022-01-30 13:14:42,957 INFO    Thread-8  :41845 [dir_watcher.py:_on_file_created():217] file/dir created: /Users/ivanovitchsilva/mlops/week_09/Example_01/decision_tree/wandb/run-20220130_131431-n7fsx7ve/files/media/images
2022-01-30 13:14:42,958 INFO    Thread-8  :41845 [dir_watcher.py:_on_file_created():217] file/dir created: /Users/ivanovitchsilva/mlops/week_09/Example_01/decision_tree/wandb/run-20220130_131431-n7fsx7ve/files/media
2022-01-30 13:14:44,965 INFO    Thread-8  :41845 [dir_watcher.py:_on_file_modified():230] file/dir modified: /Users/ivanovitchsilva/mlops/week_09/Example_01/decision_tree/wandb/run-20220130_131431-n7fsx7ve/files/output.log
2022-01-30 13:14:49,568 DEBUG   HandlerThread:41845 [handler.py:handle_request():130] handle_request: stop_status
2022-01-30 13:15:09,579 DEBUG   HandlerThread:41845 [handler.py:handle_request():130] handle_request: stop_status
2022-01-30 13:15:22,742 INFO    Thread-12 :41845 [upload_job.py:push():137] Uploaded file /var/folders/y1/07xj9gnx39l066v29fqxzyy80000gn/T/tmp5_3barpzwandb/gmkd6zf9-media/images/confusion_matrix_0_2e2324e654b1b7626aa2.png
2022-01-30 13:15:26,522 ERROR   SenderThread:41845 [retry.py:__call__():126] Retry attempt failed:
Traceback (most recent call last):
  File "/Users/ivanovitchsilva/opt/anaconda3/envs/mlflow-521646bdb8ef773b1f4c4ec0a73df68c0c121729/lib/python3.8/site-packages/urllib3/connection.py", line 174, in _new_conn
    conn = connection.create_connection(
  File "/Users/ivanovitchsilva/opt/anaconda3/envs/mlflow-521646bdb8ef773b1f4c4ec0a73df68c0c121729/lib/python3.8/site-packages/urllib3/util/connection.py", line 95, in create_connection
    raise err
  File "/Users/ivanovitchsilva/opt/anaconda3/envs/mlflow-521646bdb8ef773b1f4c4ec0a73df68c0c121729/lib/python3.8/site-packages/urllib3/util/connection.py", line 85, in create_connection
    sock.connect(sa)
socket.timeout: timed out

During handling of the above exception, another exception occurred:

Traceback (most recent call last):
  File "/Users/ivanovitchsilva/opt/anaconda3/envs/mlflow-521646bdb8ef773b1f4c4ec0a73df68c0c121729/lib/python3.8/site-packages/urllib3/connectionpool.py", line 703, in urlopen
    httplib_response = self._make_request(
  File "/Users/ivanovitchsilva/opt/anaconda3/envs/mlflow-521646bdb8ef773b1f4c4ec0a73df68c0c121729/lib/python3.8/site-packages/urllib3/connectionpool.py", line 386, in _make_request
    self._validate_conn(conn)
  File "/Users/ivanovitchsilva/opt/anaconda3/envs/mlflow-521646bdb8ef773b1f4c4ec0a73df68c0c121729/lib/python3.8/site-packages/urllib3/connectionpool.py", line 1040, in _validate_conn
    conn.connect()
  File "/Users/ivanovitchsilva/opt/anaconda3/envs/mlflow-521646bdb8ef773b1f4c4ec0a73df68c0c121729/lib/python3.8/site-packages/urllib3/connection.py", line 358, in connect
    conn = self._new_conn()
  File "/Users/ivanovitchsilva/opt/anaconda3/envs/mlflow-521646bdb8ef773b1f4c4ec0a73df68c0c121729/lib/python3.8/site-packages/urllib3/connection.py", line 179, in _new_conn
    raise ConnectTimeoutError(
urllib3.exceptions.ConnectTimeoutError: (<urllib3.connection.HTTPSConnection object at 0x7fcda830b040>, 'Connection to api.wandb.ai timed out. (connect timeout=10)')

During handling of the above exception, another exception occurred:

Traceback (most recent call last):
  File "/Users/ivanovitchsilva/opt/anaconda3/envs/mlflow-521646bdb8ef773b1f4c4ec0a73df68c0c121729/lib/python3.8/site-packages/requests/adapters.py", line 440, in send
    resp = conn.urlopen(
  File "/Users/ivanovitchsilva/opt/anaconda3/envs/mlflow-521646bdb8ef773b1f4c4ec0a73df68c0c121729/lib/python3.8/site-packages/urllib3/connectionpool.py", line 785, in urlopen
    retries = retries.increment(
  File "/Users/ivanovitchsilva/opt/anaconda3/envs/mlflow-521646bdb8ef773b1f4c4ec0a73df68c0c121729/lib/python3.8/site-packages/urllib3/util/retry.py", line 592, in increment
    raise MaxRetryError(_pool, url, error or ResponseError(cause))
urllib3.exceptions.MaxRetryError: HTTPSConnectionPool(host='api.wandb.ai', port=443): Max retries exceeded with url: /graphql (Caused by ConnectTimeoutError(<urllib3.connection.HTTPSConnection object at 0x7fcda830b040>, 'Connection to api.wandb.ai timed out. (connect timeout=10)'))

During handling of the above exception, another exception occurred:

Traceback (most recent call last):
  File "/Users/ivanovitchsilva/opt/anaconda3/envs/mlflow-521646bdb8ef773b1f4c4ec0a73df68c0c121729/lib/python3.8/site-packages/wandb/sdk/lib/retry.py", line 102, in __call__
    result = self._call_fn(*args, **kwargs)
  File "/Users/ivanovitchsilva/opt/anaconda3/envs/mlflow-521646bdb8ef773b1f4c4ec0a73df68c0c121729/lib/python3.8/site-packages/wandb/sdk/internal/internal_api.py", line 141, in execute
    return self.client.execute(*args, **kwargs)
  File "/Users/ivanovitchsilva/opt/anaconda3/envs/mlflow-521646bdb8ef773b1f4c4ec0a73df68c0c121729/lib/python3.8/site-packages/wandb/vendor/gql-0.2.0/gql/client.py", line 52, in execute
    result = self._get_result(document, *args, **kwargs)
  File "/Users/ivanovitchsilva/opt/anaconda3/envs/mlflow-521646bdb8ef773b1f4c4ec0a73df68c0c121729/lib/python3.8/site-packages/wandb/vendor/gql-0.2.0/gql/client.py", line 60, in _get_result
    return self.transport.execute(document, *args, **kwargs)
  File "/Users/ivanovitchsilva/opt/anaconda3/envs/mlflow-521646bdb8ef773b1f4c4ec0a73df68c0c121729/lib/python3.8/site-packages/wandb/vendor/gql-0.2.0/gql/transport/requests.py", line 38, in execute
    request = requests.post(self.url, **post_args)
  File "/Users/ivanovitchsilva/opt/anaconda3/envs/mlflow-521646bdb8ef773b1f4c4ec0a73df68c0c121729/lib/python3.8/site-packages/requests/api.py", line 117, in post
    return request('post', url, data=data, json=json, **kwargs)
  File "/Users/ivanovitchsilva/opt/anaconda3/envs/mlflow-521646bdb8ef773b1f4c4ec0a73df68c0c121729/lib/python3.8/site-packages/requests/api.py", line 61, in request
    return session.request(method=method, url=url, **kwargs)
  File "/Users/ivanovitchsilva/opt/anaconda3/envs/mlflow-521646bdb8ef773b1f4c4ec0a73df68c0c121729/lib/python3.8/site-packages/requests/sessions.py", line 529, in request
    resp = self.send(prep, **send_kwargs)
  File "/Users/ivanovitchsilva/opt/anaconda3/envs/mlflow-521646bdb8ef773b1f4c4ec0a73df68c0c121729/lib/python3.8/site-packages/requests/sessions.py", line 645, in send
    r = adapter.send(request, **kwargs)
  File "/Users/ivanovitchsilva/opt/anaconda3/envs/mlflow-521646bdb8ef773b1f4c4ec0a73df68c0c121729/lib/python3.8/site-packages/requests/adapters.py", line 507, in send
    raise ConnectTimeout(e, request=request)
requests.exceptions.ConnectTimeout: HTTPSConnectionPool(host='api.wandb.ai', port=443): Max retries exceeded with url: /graphql (Caused by ConnectTimeoutError(<urllib3.connection.HTTPSConnection object at 0x7fcda830b040>, 'Connection to api.wandb.ai timed out. (connect timeout=10)'))
2022-01-30 13:15:29,588 DEBUG   HandlerThread:41845 [handler.py:handle_request():130] handle_request: stop_status
2022-01-30 13:15:47,315 INFO    Thread-13 :41845 [upload_job.py:push():137] Uploaded file /var/folders/y1/07xj9gnx39l066v29fqxzyy80000gn/T/tmp5_3barpzwandb/1ailcabn-media/images/tree_0_755ecd9a6bbeb0e657f7.png
2022-01-30 13:15:49,597 DEBUG   HandlerThread:41845 [handler.py:handle_request():130] handle_request: stop_status
2022-01-30 13:16:09,606 DEBUG   HandlerThread:41845 [handler.py:handle_request():130] handle_request: stop_status
2022-01-30 13:16:29,615 DEBUG   HandlerThread:41845 [handler.py:handle_request():130] handle_request: stop_status
2022-01-30 13:16:49,615 DEBUG   HandlerThread:41845 [handler.py:handle_request():130] handle_request: stop_status
2022-01-30 13:17:03,498 INFO    Thread-17 :41845 [upload_job.py:push():95] Uploaded file /Users/ivanovitchsilva/.cache/wandb/artifacts/obj/md5/0d/d1e102066eed3ee2649f8f4edd6606
2022-01-30 13:17:04,004 INFO    Thread-16 :41845 [upload_job.py:push():95] Uploaded file /Users/ivanovitchsilva/.cache/wandb/artifacts/obj/md5/a2/a9926d182237c56a8d73ff3ad9abf6
2022-01-30 13:17:04,999 INFO    Thread-15 :41845 [upload_job.py:push():95] Uploaded file /Users/ivanovitchsilva/.cache/wandb/artifacts/obj/md5/ba/8fa4ed81070f839662775a9564e67e
2022-01-30 13:17:09,622 DEBUG   HandlerThread:41845 [handler.py:handle_request():130] handle_request: stop_status
2022-01-30 13:17:29,630 DEBUG   HandlerThread:41845 [handler.py:handle_request():130] handle_request: stop_status
2022-01-30 13:17:49,636 DEBUG   HandlerThread:41845 [handler.py:handle_request():130] handle_request: stop_status
2022-01-30 13:18:09,645 DEBUG   HandlerThread:41845 [handler.py:handle_request():130] handle_request: stop_status
2022-01-30 13:18:29,652 DEBUG   HandlerThread:41845 [handler.py:handle_request():130] handle_request: stop_status
2022-01-30 13:18:49,660 DEBUG   HandlerThread:41845 [handler.py:handle_request():130] handle_request: stop_status
2022-01-30 13:19:09,665 DEBUG   HandlerThread:41845 [handler.py:handle_request():130] handle_request: stop_status
2022-01-30 13:19:29,673 DEBUG   HandlerThread:41845 [handler.py:handle_request():130] handle_request: stop_status
2022-01-30 13:19:33,943 WARNING FileStreamThread:41845 [file_stream.py:request_with_retry():594] requests_with_retry encountered retryable exception: HTTPSConnectionPool(host='api.wandb.ai', port=443): Read timed out. (read timeout=None). func: <bound method Session.post of <requests.sessions.Session object at 0x7fcd992fd070>>, args: ('https://api.wandb.ai/files/ivanovitchm/week_09_example_01/n7fsx7ve/file_stream',), kwargs: {'json': {'complete': False, 'failed': False, 'dropped': 0, 'uploaded': []}}
2022-01-30 13:19:49,678 DEBUG   HandlerThread:41845 [handler.py:handle_request():130] handle_request: stop_status
2022-01-30 13:19:51,649 WARNING MainThread:41845 [internal.py:wandb_internal():146] Internal process interrupt: 1
2022-01-30 13:19:53,442 INFO    Thread-8  :41845 [dir_watcher.py:_on_file_modified():230] file/dir modified: /Users/ivanovitchsilva/mlops/week_09/Example_01/decision_tree/wandb/run-20220130_131431-n7fsx7ve/files/output.log
2022-01-30 13:19:53,953 DEBUG   HandlerThread:41845 [handler.py:handle_request():130] handle_request: poll_exit
2022-01-30 13:19:54,448 INFO    Thread-8  :41845 [dir_watcher.py:_on_file_modified():230] file/dir modified: /Users/ivanovitchsilva/mlops/week_09/Example_01/decision_tree/wandb/run-20220130_131431-n7fsx7ve/files/output.log
2022-01-30 13:19:59,060 DEBUG   HandlerThread:41845 [handler.py:handle_request():130] handle_request: poll_exit
2022-01-30 13:20:04,164 DEBUG   HandlerThread:41845 [handler.py:handle_request():130] handle_request: poll_exit
2022-01-30 13:20:09,267 DEBUG   HandlerThread:41845 [handler.py:handle_request():130] handle_request: poll_exit
2022-01-30 13:20:14,371 DEBUG   HandlerThread:41845 [handler.py:handle_request():130] handle_request: poll_exit
2022-01-30 13:20:19,476 DEBUG   HandlerThread:41845 [handler.py:handle_request():130] handle_request: poll_exit
2022-01-30 13:20:24,577 DEBUG   HandlerThread:41845 [handler.py:handle_request():130] handle_request: poll_exit
2022-01-30 13:20:29,681 DEBUG   HandlerThread:41845 [handler.py:handle_request():130] handle_request: poll_exit
2022-01-30 13:20:34,785 DEBUG   HandlerThread:41845 [handler.py:handle_request():130] handle_request: poll_exit
2022-01-30 13:20:39,887 DEBUG   HandlerThread:41845 [handler.py:handle_request():130] handle_request: poll_exit
2022-01-30 13:20:44,990 DEBUG   HandlerThread:41845 [handler.py:handle_request():130] handle_request: poll_exit
2022-01-30 13:20:50,094 DEBUG   HandlerThread:41845 [handler.py:handle_request():130] handle_request: poll_exit
2022-01-30 13:20:55,198 DEBUG   HandlerThread:41845 [handler.py:handle_request():130] handle_request: poll_exit
2022-01-30 13:21:00,300 DEBUG   HandlerThread:41845 [handler.py:handle_request():130] handle_request: poll_exit
2022-01-30 13:21:05,409 DEBUG   HandlerThread:41845 [handler.py:handle_request():130] handle_request: poll_exit
2022-01-30 13:21:10,512 DEBUG   HandlerThread:41845 [handler.py:handle_request():130] handle_request: poll_exit
2022-01-30 13:21:15,614 DEBUG   HandlerThread:41845 [handler.py:handle_request():130] handle_request: poll_exit
2022-01-30 13:21:20,717 DEBUG   HandlerThread:41845 [handler.py:handle_request():130] handle_request: poll_exit
2022-01-30 13:21:25,820 DEBUG   HandlerThread:41845 [handler.py:handle_request():130] handle_request: poll_exit
2022-01-30 13:21:30,924 DEBUG   HandlerThread:41845 [handler.py:handle_request():130] handle_request: poll_exit
2022-01-30 13:21:36,026 DEBUG   HandlerThread:41845 [handler.py:handle_request():130] handle_request: poll_exit
2022-01-30 13:21:41,129 DEBUG   HandlerThread:41845 [handler.py:handle_request():130] handle_request: poll_exit
2022-01-30 13:21:46,232 DEBUG   HandlerThread:41845 [handler.py:handle_request():130] handle_request: poll_exit
2022-01-30 13:21:51,336 DEBUG   HandlerThread:41845 [handler.py:handle_request():130] handle_request: poll_exit
2022-01-30 13:21:56,441 DEBUG   HandlerThread:41845 [handler.py:handle_request():130] handle_request: poll_exit
2022-01-30 13:22:01,545 DEBUG   HandlerThread:41845 [handler.py:handle_request():130] handle_request: poll_exit
2022-01-30 13:22:06,648 DEBUG   HandlerThread:41845 [handler.py:handle_request():130] handle_request: poll_exit
2022-01-30 13:22:11,752 DEBUG   HandlerThread:41845 [handler.py:handle_request():130] handle_request: poll_exit
2022-01-30 13:22:16,856 DEBUG   HandlerThread:41845 [handler.py:handle_request():130] handle_request: poll_exit
2022-01-30 13:22:21,959 DEBUG   HandlerThread:41845 [handler.py:handle_request():130] handle_request: poll_exit
2022-01-30 13:22:27,063 DEBUG   HandlerThread:41845 [handler.py:handle_request():130] handle_request: poll_exit
2022-01-30 13:22:32,167 DEBUG   HandlerThread:41845 [handler.py:handle_request():130] handle_request: poll_exit
2022-01-30 13:22:37,270 DEBUG   HandlerThread:41845 [handler.py:handle_request():130] handle_request: poll_exit
2022-01-30 13:22:42,376 DEBUG   HandlerThread:41845 [handler.py:handle_request():130] handle_request: poll_exit
2022-01-30 13:22:47,479 DEBUG   HandlerThread:41845 [handler.py:handle_request():130] handle_request: poll_exit
2022-01-30 13:22:52,583 DEBUG   HandlerThread:41845 [handler.py:handle_request():130] handle_request: poll_exit
2022-01-30 13:22:57,685 DEBUG   HandlerThread:41845 [handler.py:handle_request():130] handle_request: poll_exit
2022-01-30 13:23:02,791 DEBUG   HandlerThread:41845 [handler.py:handle_request():130] handle_request: poll_exit
2022-01-30 13:23:07,892 DEBUG   HandlerThread:41845 [handler.py:handle_request():130] handle_request: poll_exit
2022-01-30 13:23:12,995 DEBUG   HandlerThread:41845 [handler.py:handle_request():130] handle_request: poll_exit
2022-01-30 13:23:18,098 DEBUG   HandlerThread:41845 [handler.py:handle_request():130] handle_request: poll_exit
2022-01-30 13:23:23,203 DEBUG   HandlerThread:41845 [handler.py:handle_request():130] handle_request: poll_exit
2022-01-30 13:23:28,308 DEBUG   HandlerThread:41845 [handler.py:handle_request():130] handle_request: poll_exit
2022-01-30 13:23:33,412 DEBUG   HandlerThread:41845 [handler.py:handle_request():130] handle_request: poll_exit
2022-01-30 13:23:38,514 DEBUG   HandlerThread:41845 [handler.py:handle_request():130] handle_request: poll_exit
2022-01-30 13:23:43,620 DEBUG   HandlerThread:41845 [handler.py:handle_request():130] handle_request: poll_exit
2022-01-30 13:23:48,723 DEBUG   HandlerThread:41845 [handler.py:handle_request():130] handle_request: poll_exit
2022-01-30 13:23:53,826 DEBUG   HandlerThread:41845 [handler.py:handle_request():130] handle_request: poll_exit
2022-01-30 13:23:58,930 DEBUG   HandlerThread:41845 [handler.py:handle_request():130] handle_request: poll_exit
2022-01-30 13:24:04,034 DEBUG   HandlerThread:41845 [handler.py:handle_request():130] handle_request: poll_exit
2022-01-30 13:24:09,137 DEBUG   HandlerThread:41845 [handler.py:handle_request():130] handle_request: poll_exit
2022-01-30 13:24:14,241 DEBUG   HandlerThread:41845 [handler.py:handle_request():130] handle_request: poll_exit
2022-01-30 13:24:19,344 DEBUG   HandlerThread:41845 [handler.py:handle_request():130] handle_request: poll_exit
2022-01-30 13:24:24,449 DEBUG   HandlerThread:41845 [handler.py:handle_request():130] handle_request: poll_exit
2022-01-30 13:24:29,552 DEBUG   HandlerThread:41845 [handler.py:handle_request():130] handle_request: poll_exit
2022-01-30 13:24:34,655 DEBUG   HandlerThread:41845 [handler.py:handle_request():130] handle_request: poll_exit
2022-01-30 13:24:39,759 DEBUG   HandlerThread:41845 [handler.py:handle_request():130] handle_request: poll_exit
2022-01-30 13:24:44,863 DEBUG   HandlerThread:41845 [handler.py:handle_request():130] handle_request: poll_exit
2022-01-30 13:24:49,965 DEBUG   HandlerThread:41845 [handler.py:handle_request():130] handle_request: poll_exit
2022-01-30 13:24:55,069 DEBUG   HandlerThread:41845 [handler.py:handle_request():130] handle_request: poll_exit
2022-01-30 13:25:00,172 DEBUG   HandlerThread:41845 [handler.py:handle_request():130] handle_request: poll_exit
2022-01-30 13:25:05,275 DEBUG   HandlerThread:41845 [handler.py:handle_request():130] handle_request: poll_exit
2022-01-30 13:25:10,378 DEBUG   HandlerThread:41845 [handler.py:handle_request():130] handle_request: poll_exit
2022-01-30 13:25:15,482 DEBUG   HandlerThread:41845 [handler.py:handle_request():130] handle_request: poll_exit
2022-01-30 13:25:20,585 DEBUG   HandlerThread:41845 [handler.py:handle_request():130] handle_request: poll_exit
2022-01-30 13:25:25,689 DEBUG   HandlerThread:41845 [handler.py:handle_request():130] handle_request: poll_exit
2022-01-30 13:25:30,792 DEBUG   HandlerThread:41845 [handler.py:handle_request():130] handle_request: poll_exit
2022-01-30 13:25:35,896 DEBUG   HandlerThread:41845 [handler.py:handle_request():130] handle_request: poll_exit
2022-01-30 13:25:40,999 DEBUG   HandlerThread:41845 [handler.py:handle_request():130] handle_request: poll_exit
2022-01-30 13:25:46,102 DEBUG   HandlerThread:41845 [handler.py:handle_request():130] handle_request: poll_exit
2022-01-30 13:25:51,205 DEBUG   HandlerThread:41845 [handler.py:handle_request():130] handle_request: poll_exit
2022-01-30 13:25:56,309 DEBUG   HandlerThread:41845 [handler.py:handle_request():130] handle_request: poll_exit
2022-01-30 13:26:01,413 DEBUG   HandlerThread:41845 [handler.py:handle_request():130] handle_request: poll_exit
2022-01-30 13:26:06,514 DEBUG   HandlerThread:41845 [handler.py:handle_request():130] handle_request: poll_exit
2022-01-30 13:26:11,618 DEBUG   HandlerThread:41845 [handler.py:handle_request():130] handle_request: poll_exit
2022-01-30 13:26:16,720 DEBUG   HandlerThread:41845 [handler.py:handle_request():130] handle_request: poll_exit
2022-01-30 13:26:21,823 DEBUG   HandlerThread:41845 [handler.py:handle_request():130] handle_request: poll_exit
2022-01-30 13:26:26,926 DEBUG   HandlerThread:41845 [handler.py:handle_request():130] handle_request: poll_exit
2022-01-30 13:26:32,030 DEBUG   HandlerThread:41845 [handler.py:handle_request():130] handle_request: poll_exit
2022-01-30 13:26:37,134 DEBUG   HandlerThread:41845 [handler.py:handle_request():130] handle_request: poll_exit
2022-01-30 13:26:42,237 DEBUG   HandlerThread:41845 [handler.py:handle_request():130] handle_request: poll_exit
2022-01-30 13:26:47,340 DEBUG   HandlerThread:41845 [handler.py:handle_request():130] handle_request: poll_exit
2022-01-30 13:26:52,444 DEBUG   HandlerThread:41845 [handler.py:handle_request():130] handle_request: poll_exit
2022-01-30 13:26:57,547 DEBUG   HandlerThread:41845 [handler.py:handle_request():130] handle_request: poll_exit
2022-01-30 13:27:02,651 DEBUG   HandlerThread:41845 [handler.py:handle_request():130] handle_request: poll_exit
2022-01-30 13:27:07,754 DEBUG   HandlerThread:41845 [handler.py:handle_request():130] handle_request: poll_exit
2022-01-30 13:27:12,858 DEBUG   HandlerThread:41845 [handler.py:handle_request():130] handle_request: poll_exit
2022-01-30 13:27:17,961 DEBUG   HandlerThread:41845 [handler.py:handle_request():130] handle_request: poll_exit
2022-01-30 13:27:23,065 DEBUG   HandlerThread:41845 [handler.py:handle_request():130] handle_request: poll_exit
2022-01-30 13:27:28,168 DEBUG   HandlerThread:41845 [handler.py:handle_request():130] handle_request: poll_exit
2022-01-30 13:27:33,274 DEBUG   HandlerThread:41845 [handler.py:handle_request():130] handle_request: poll_exit
2022-01-30 13:27:38,377 DEBUG   HandlerThread:41845 [handler.py:handle_request():130] handle_request: poll_exit
2022-01-30 13:27:43,480 DEBUG   HandlerThread:41845 [handler.py:handle_request():130] handle_request: poll_exit
2022-01-30 13:27:48,582 DEBUG   HandlerThread:41845 [handler.py:handle_request():130] handle_request: poll_exit
2022-01-30 13:27:53,685 DEBUG   HandlerThread:41845 [handler.py:handle_request():130] handle_request: poll_exit
2022-01-30 13:27:58,788 DEBUG   HandlerThread:41845 [handler.py:handle_request():130] handle_request: poll_exit
2022-01-30 13:28:03,892 DEBUG   HandlerThread:41845 [handler.py:handle_request():130] handle_request: poll_exit
2022-01-30 13:28:08,995 DEBUG   HandlerThread:41845 [handler.py:handle_request():130] handle_request: poll_exit
2022-01-30 13:28:14,098 DEBUG   HandlerThread:41845 [handler.py:handle_request():130] handle_request: poll_exit
2022-01-30 13:28:19,201 DEBUG   HandlerThread:41845 [handler.py:handle_request():130] handle_request: poll_exit
2022-01-30 13:28:24,307 DEBUG   HandlerThread:41845 [handler.py:handle_request():130] handle_request: poll_exit
2022-01-30 13:28:29,409 DEBUG   HandlerThread:41845 [handler.py:handle_request():130] handle_request: poll_exit
2022-01-30 13:28:34,513 DEBUG   HandlerThread:41845 [handler.py:handle_request():130] handle_request: poll_exit
2022-01-30 13:28:39,616 DEBUG   HandlerThread:41845 [handler.py:handle_request():130] handle_request: poll_exit
2022-01-30 13:28:44,720 DEBUG   HandlerThread:41845 [handler.py:handle_request():130] handle_request: poll_exit
2022-01-30 13:28:49,823 DEBUG   HandlerThread:41845 [handler.py:handle_request():130] handle_request: poll_exit
2022-01-30 13:28:54,927 DEBUG   HandlerThread:41845 [handler.py:handle_request():130] handle_request: poll_exit
2022-01-30 13:29:00,030 DEBUG   HandlerThread:41845 [handler.py:handle_request():130] handle_request: poll_exit
2022-01-30 13:29:05,133 DEBUG   HandlerThread:41845 [handler.py:handle_request():130] handle_request: poll_exit
2022-01-30 13:29:10,237 DEBUG   HandlerThread:41845 [handler.py:handle_request():130] handle_request: poll_exit
2022-01-30 13:29:15,340 DEBUG   HandlerThread:41845 [handler.py:handle_request():130] handle_request: poll_exit
2022-01-30 13:29:20,445 DEBUG   HandlerThread:41845 [handler.py:handle_request():130] handle_request: poll_exit
2022-01-30 13:29:25,547 DEBUG   HandlerThread:41845 [handler.py:handle_request():130] handle_request: poll_exit
2022-01-30 13:29:30,649 DEBUG   HandlerThread:41845 [handler.py:handle_request():130] handle_request: poll_exit
2022-01-30 13:29:35,753 DEBUG   HandlerThread:41845 [handler.py:handle_request():130] handle_request: poll_exit
2022-01-30 13:29:40,730 ERROR   Thread-18 :41845 [internal_api.py:upload_file():1574] upload_file exception https://storage.googleapis.com/wandb-artifacts-prod/ivanovitchm/week_09_example_01/wandb_artifacts/10577052/72177220/d74a083b6f2f6ee02ebb6d905820bc1c?Expires=1643645820&GoogleAccessId=wandb-production%40appspot.gserviceaccount.com&Signature=tw2X%2BEjj%2FyhCnRWvvBJ5XMCzkHte%2FcrUggQrR2iYzaut%2Fm15z1bIW2cpughhjkNvlpl0VKV0I6VjVIB0qogXoV%2F2h2zbesm2V1%2F6UIhrvgdwl185HrUpGRFetLI1rqGTEta8s7T1ud6J60xJJ5p8lqLqpSQjF7ERjP8huMp4hcJepbdG9PKvQtpgGQVkKz7nf9vXmw9mgwZ2PsRH0rv%2Bt7rQv55evhvAua7HtvIOVQCCWJhVo6TT6at9OFdbyHL6jYztxRFyPZJGpX3TH3%2F3dihTw3sfF4v2%2BmM2qtdctjIfhUmUzwVhAmFZtV7cU56nIRgKpuFJWtTmY577z9jGTw%3D%3D: HTTPSConnectionPool(host='storage.googleapis.com', port=443): Read timed out. (read timeout=None)
2022-01-30 13:29:40,731 ERROR   Thread-18 :41845 [internal_api.py:upload_file():1576] upload_file request headers: {'User-Agent': 'python-requests/2.27.1', 'Accept-Encoding': 'gzip, deflate, br', 'Accept': '*/*', 'Connection': 'keep-alive', 'Content-MD5': '10oIO28vbuAuu22QWCC8HA==', 'Content-Length': '78481'}
2022-01-30 13:29:40,731 ERROR   Thread-18 :41845 [internal_api.py:upload_file():1578] upload_file response body: 
2022-01-30 13:29:40,856 DEBUG   HandlerThread:41845 [handler.py:handle_request():130] handle_request: poll_exit
2022-01-30 13:29:45,881 INFO    Thread-18 :41845 [upload_job.py:push():95] Uploaded file /Users/ivanovitchsilva/.cache/wandb/artifacts/obj/md5/d7/4a083b6f2f6ee02ebb6d905820bc1c
2022-01-30 13:29:45,959 DEBUG   HandlerThread:41845 [handler.py:handle_request():130] handle_request: poll_exit
2022-01-30 13:29:50,718 ERROR   Thread-7  :41845 [internal_api.py:execute():144] 409 response executing GraphQL.
2022-01-30 13:29:50,719 ERROR   Thread-7  :41845 [internal_api.py:execute():145] {"errors":[{"message":"conflict detected for file digest DdHhAgZu7T7iZJ+PTt1mBg==, rebase required","path":["commitArtifact"]}],"data":{"commitArtifact":null}}
2022-01-30 13:29:51,064 DEBUG   HandlerThread:41845 [handler.py:handle_request():130] handle_request: poll_exit
2022-01-30 13:29:56,167 DEBUG   HandlerThread:41845 [handler.py:handle_request():130] handle_request: poll_exit
2022-01-30 13:30:01,271 DEBUG   HandlerThread:41845 [handler.py:handle_request():130] handle_request: poll_exit
2022-01-30 13:30:06,375 DEBUG   HandlerThread:41845 [handler.py:handle_request():130] handle_request: poll_exit
2022-01-30 13:30:11,477 DEBUG   HandlerThread:41845 [handler.py:handle_request():130] handle_request: poll_exit
2022-01-30 13:30:16,586 DEBUG   HandlerThread:41845 [handler.py:handle_request():130] handle_request: poll_exit
2022-01-30 13:30:21,686 DEBUG   HandlerThread:41845 [handler.py:handle_request():130] handle_request: poll_exit
2022-01-30 13:30:26,791 DEBUG   HandlerThread:41845 [handler.py:handle_request():130] handle_request: poll_exit
2022-01-30 13:30:31,894 DEBUG   HandlerThread:41845 [handler.py:handle_request():130] handle_request: poll_exit
2022-01-30 13:30:36,997 DEBUG   HandlerThread:41845 [handler.py:handle_request():130] handle_request: poll_exit
2022-01-30 13:30:42,100 DEBUG   HandlerThread:41845 [handler.py:handle_request():130] handle_request: poll_exit
2022-01-30 13:30:47,204 DEBUG   HandlerThread:41845 [handler.py:handle_request():130] handle_request: poll_exit
2022-01-30 13:30:52,308 DEBUG   HandlerThread:41845 [handler.py:handle_request():130] handle_request: poll_exit
2022-01-30 13:30:57,411 DEBUG   HandlerThread:41845 [handler.py:handle_request():130] handle_request: poll_exit
2022-01-30 13:31:02,515 DEBUG   HandlerThread:41845 [handler.py:handle_request():130] handle_request: poll_exit
2022-01-30 13:31:07,618 DEBUG   HandlerThread:41845 [handler.py:handle_request():130] handle_request: poll_exit
2022-01-30 13:31:12,722 DEBUG   HandlerThread:41845 [handler.py:handle_request():130] handle_request: poll_exit
2022-01-30 13:31:17,824 DEBUG   HandlerThread:41845 [handler.py:handle_request():130] handle_request: poll_exit
2022-01-30 13:31:22,928 DEBUG   HandlerThread:41845 [handler.py:handle_request():130] handle_request: poll_exit
2022-01-30 13:31:28,031 DEBUG   HandlerThread:41845 [handler.py:handle_request():130] handle_request: poll_exit
2022-01-30 13:31:33,135 DEBUG   HandlerThread:41845 [handler.py:handle_request():130] handle_request: poll_exit
2022-01-30 13:31:38,239 DEBUG   HandlerThread:41845 [handler.py:handle_request():130] handle_request: poll_exit
2022-01-30 13:31:43,343 DEBUG   HandlerThread:41845 [handler.py:handle_request():130] handle_request: poll_exit
2022-01-30 13:31:48,446 DEBUG   HandlerThread:41845 [handler.py:handle_request():130] handle_request: poll_exit
2022-01-30 13:31:53,549 DEBUG   HandlerThread:41845 [handler.py:handle_request():130] handle_request: poll_exit
2022-01-30 13:31:58,652 DEBUG   HandlerThread:41845 [handler.py:handle_request():130] handle_request: poll_exit
2022-01-30 13:32:03,757 DEBUG   HandlerThread:41845 [handler.py:handle_request():130] handle_request: poll_exit
2022-01-30 13:32:08,860 DEBUG   HandlerThread:41845 [handler.py:handle_request():130] handle_request: poll_exit
2022-01-30 13:32:13,965 DEBUG   HandlerThread:41845 [handler.py:handle_request():130] handle_request: poll_exit
2022-01-30 13:32:19,068 DEBUG   HandlerThread:41845 [handler.py:handle_request():130] handle_request: poll_exit
2022-01-30 13:32:24,171 DEBUG   HandlerThread:41845 [handler.py:handle_request():130] handle_request: poll_exit
2022-01-30 13:32:29,275 DEBUG   HandlerThread:41845 [handler.py:handle_request():130] handle_request: poll_exit
2022-01-30 13:32:34,377 DEBUG   HandlerThread:41845 [handler.py:handle_request():130] handle_request: poll_exit
2022-01-30 13:32:39,479 DEBUG   HandlerThread:41845 [handler.py:handle_request():130] handle_request: poll_exit
2022-01-30 13:32:44,595 DEBUG   HandlerThread:41845 [handler.py:handle_request():130] handle_request: poll_exit
2022-01-30 13:32:49,694 DEBUG   HandlerThread:41845 [handler.py:handle_request():130] handle_request: poll_exit
2022-01-30 13:32:54,798 DEBUG   HandlerThread:41845 [handler.py:handle_request():130] handle_request: poll_exit
2022-01-30 13:32:59,901 DEBUG   HandlerThread:41845 [handler.py:handle_request():130] handle_request: poll_exit
2022-01-30 13:33:05,005 DEBUG   HandlerThread:41845 [handler.py:handle_request():130] handle_request: poll_exit
2022-01-30 13:33:10,109 DEBUG   HandlerThread:41845 [handler.py:handle_request():130] handle_request: poll_exit
2022-01-30 13:33:15,212 DEBUG   HandlerThread:41845 [handler.py:handle_request():130] handle_request: poll_exit
2022-01-30 13:33:20,315 DEBUG   HandlerThread:41845 [handler.py:handle_request():130] handle_request: poll_exit
2022-01-30 13:33:25,419 DEBUG   HandlerThread:41845 [handler.py:handle_request():130] handle_request: poll_exit
2022-01-30 13:33:30,522 DEBUG   HandlerThread:41845 [handler.py:handle_request():130] handle_request: poll_exit
2022-01-30 13:33:35,633 DEBUG   HandlerThread:41845 [handler.py:handle_request():130] handle_request: poll_exit
2022-01-30 13:33:40,743 DEBUG   HandlerThread:41845 [handler.py:handle_request():130] handle_request: poll_exit
2022-01-30 13:33:45,845 DEBUG   HandlerThread:41845 [handler.py:handle_request():130] handle_request: poll_exit
2022-01-30 13:33:50,949 DEBUG   HandlerThread:41845 [handler.py:handle_request():130] handle_request: poll_exit
2022-01-30 13:33:56,051 DEBUG   HandlerThread:41845 [handler.py:handle_request():130] handle_request: poll_exit
2022-01-30 13:34:01,163 DEBUG   HandlerThread:41845 [handler.py:handle_request():130] handle_request: poll_exit
2022-01-30 13:34:06,264 DEBUG   HandlerThread:41845 [handler.py:handle_request():130] handle_request: poll_exit
2022-01-30 13:34:11,378 DEBUG   HandlerThread:41845 [handler.py:handle_request():130] handle_request: poll_exit
2022-01-30 13:34:16,479 DEBUG   HandlerThread:41845 [handler.py:handle_request():130] handle_request: poll_exit
2022-01-30 13:34:21,581 DEBUG   HandlerThread:41845 [handler.py:handle_request():130] handle_request: poll_exit
2022-01-30 13:34:26,685 DEBUG   HandlerThread:41845 [handler.py:handle_request():130] handle_request: poll_exit
2022-01-30 13:34:31,787 DEBUG   HandlerThread:41845 [handler.py:handle_request():130] handle_request: poll_exit
2022-01-30 13:34:36,889 DEBUG   HandlerThread:41845 [handler.py:handle_request():130] handle_request: poll_exit
2022-01-30 13:34:41,994 DEBUG   HandlerThread:41845 [handler.py:handle_request():130] handle_request: poll_exit
2022-01-30 13:34:47,098 DEBUG   HandlerThread:41845 [handler.py:handle_request():130] handle_request: poll_exit
2022-01-30 13:34:52,201 DEBUG   HandlerThread:41845 [handler.py:handle_request():130] handle_request: poll_exit
2022-01-30 13:34:57,305 DEBUG   HandlerThread:41845 [handler.py:handle_request():130] handle_request: poll_exit
2022-01-30 13:35:02,410 DEBUG   HandlerThread:41845 [handler.py:handle_request():130] handle_request: poll_exit
2022-01-30 13:35:07,514 DEBUG   HandlerThread:41845 [handler.py:handle_request():130] handle_request: poll_exit
2022-01-30 13:35:12,617 DEBUG   HandlerThread:41845 [handler.py:handle_request():130] handle_request: poll_exit
2022-01-30 13:35:17,719 DEBUG   HandlerThread:41845 [handler.py:handle_request():130] handle_request: poll_exit
2022-01-30 13:35:22,822 DEBUG   HandlerThread:41845 [handler.py:handle_request():130] handle_request: poll_exit
2022-01-30 13:35:27,927 DEBUG   HandlerThread:41845 [handler.py:handle_request():130] handle_request: poll_exit
2022-01-30 13:35:33,031 DEBUG   HandlerThread:41845 [handler.py:handle_request():130] handle_request: poll_exit
2022-01-30 13:35:38,132 DEBUG   HandlerThread:41845 [handler.py:handle_request():130] handle_request: poll_exit
2022-01-30 13:35:43,234 DEBUG   HandlerThread:41845 [handler.py:handle_request():130] handle_request: poll_exit
2022-01-30 13:35:48,339 DEBUG   HandlerThread:41845 [handler.py:handle_request():130] handle_request: poll_exit
2022-01-30 13:35:53,442 DEBUG   HandlerThread:41845 [handler.py:handle_request():130] handle_request: poll_exit
2022-01-30 13:35:58,545 DEBUG   HandlerThread:41845 [handler.py:handle_request():130] handle_request: poll_exit
2022-01-30 13:36:03,648 DEBUG   HandlerThread:41845 [handler.py:handle_request():130] handle_request: poll_exit
2022-01-30 13:36:08,752 DEBUG   HandlerThread:41845 [handler.py:handle_request():130] handle_request: poll_exit
2022-01-30 13:36:13,856 DEBUG   HandlerThread:41845 [handler.py:handle_request():130] handle_request: poll_exit
2022-01-30 13:36:18,958 DEBUG   HandlerThread:41845 [handler.py:handle_request():130] handle_request: poll_exit
2022-01-30 13:36:24,062 DEBUG   HandlerThread:41845 [handler.py:handle_request():130] handle_request: poll_exit
2022-01-30 13:36:29,165 DEBUG   HandlerThread:41845 [handler.py:handle_request():130] handle_request: poll_exit
2022-01-30 13:36:34,269 DEBUG   HandlerThread:41845 [handler.py:handle_request():130] handle_request: poll_exit
2022-01-30 13:36:39,373 DEBUG   HandlerThread:41845 [handler.py:handle_request():130] handle_request: poll_exit
2022-01-30 13:36:44,475 DEBUG   HandlerThread:41845 [handler.py:handle_request():130] handle_request: poll_exit
2022-01-30 13:36:49,578 DEBUG   HandlerThread:41845 [handler.py:handle_request():130] handle_request: poll_exit
2022-01-30 13:36:54,681 DEBUG   HandlerThread:41845 [handler.py:handle_request():130] handle_request: poll_exit
2022-01-30 13:36:59,785 DEBUG   HandlerThread:41845 [handler.py:handle_request():130] handle_request: poll_exit
2022-01-30 13:37:04,889 DEBUG   HandlerThread:41845 [handler.py:handle_request():130] handle_request: poll_exit
2022-01-30 13:37:09,993 DEBUG   HandlerThread:41845 [handler.py:handle_request():130] handle_request: poll_exit
2022-01-30 13:37:15,096 DEBUG   HandlerThread:41845 [handler.py:handle_request():130] handle_request: poll_exit
2022-01-30 13:37:20,198 DEBUG   HandlerThread:41845 [handler.py:handle_request():130] handle_request: poll_exit
2022-01-30 13:37:25,301 DEBUG   HandlerThread:41845 [handler.py:handle_request():130] handle_request: poll_exit
2022-01-30 13:37:30,404 DEBUG   HandlerThread:41845 [handler.py:handle_request():130] handle_request: poll_exit
2022-01-30 13:37:35,508 DEBUG   HandlerThread:41845 [handler.py:handle_request():130] handle_request: poll_exit
2022-01-30 13:37:40,611 DEBUG   HandlerThread:41845 [handler.py:handle_request():130] handle_request: poll_exit
2022-01-30 13:37:45,713 DEBUG   HandlerThread:41845 [handler.py:handle_request():130] handle_request: poll_exit
2022-01-30 13:37:50,817 DEBUG   HandlerThread:41845 [handler.py:handle_request():130] handle_request: poll_exit
2022-01-30 13:37:55,920 DEBUG   HandlerThread:41845 [handler.py:handle_request():130] handle_request: poll_exit
2022-01-30 13:38:01,023 DEBUG   HandlerThread:41845 [handler.py:handle_request():130] handle_request: poll_exit
2022-01-30 13:38:06,127 DEBUG   HandlerThread:41845 [handler.py:handle_request():130] handle_request: poll_exit
2022-01-30 13:38:11,229 DEBUG   HandlerThread:41845 [handler.py:handle_request():130] handle_request: poll_exit
2022-01-30 13:38:16,342 DEBUG   HandlerThread:41845 [handler.py:handle_request():130] handle_request: poll_exit
2022-01-30 13:38:21,446 DEBUG   HandlerThread:41845 [handler.py:handle_request():130] handle_request: poll_exit
2022-01-30 13:38:26,550 DEBUG   HandlerThread:41845 [handler.py:handle_request():130] handle_request: poll_exit
2022-01-30 13:38:31,653 DEBUG   HandlerThread:41845 [handler.py:handle_request():130] handle_request: poll_exit
2022-01-30 13:38:36,757 DEBUG   HandlerThread:41845 [handler.py:handle_request():130] handle_request: poll_exit
2022-01-30 13:38:41,861 DEBUG   HandlerThread:41845 [handler.py:handle_request():130] handle_request: poll_exit
2022-01-30 13:38:46,965 DEBUG   HandlerThread:41845 [handler.py:handle_request():130] handle_request: poll_exit
2022-01-30 13:38:52,068 DEBUG   HandlerThread:41845 [handler.py:handle_request():130] handle_request: poll_exit
2022-01-30 13:38:57,171 DEBUG   HandlerThread:41845 [handler.py:handle_request():130] handle_request: poll_exit
2022-01-30 13:39:02,274 DEBUG   HandlerThread:41845 [handler.py:handle_request():130] handle_request: poll_exit
2022-01-30 13:39:07,377 DEBUG   HandlerThread:41845 [handler.py:handle_request():130] handle_request: poll_exit
2022-01-30 13:39:12,480 DEBUG   HandlerThread:41845 [handler.py:handle_request():130] handle_request: poll_exit
2022-01-30 13:39:17,585 DEBUG   HandlerThread:41845 [handler.py:handle_request():130] handle_request: poll_exit
2022-01-30 13:39:22,689 DEBUG   HandlerThread:41845 [handler.py:handle_request():130] handle_request: poll_exit
2022-01-30 13:39:27,792 DEBUG   HandlerThread:41845 [handler.py:handle_request():130] handle_request: poll_exit
2022-01-30 13:39:32,895 DEBUG   HandlerThread:41845 [handler.py:handle_request():130] handle_request: poll_exit
2022-01-30 13:39:37,998 DEBUG   HandlerThread:41845 [handler.py:handle_request():130] handle_request: poll_exit
2022-01-30 13:39:43,101 DEBUG   HandlerThread:41845 [handler.py:handle_request():130] handle_request: poll_exit
2022-01-30 13:39:48,205 DEBUG   HandlerThread:41845 [handler.py:handle_request():130] handle_request: poll_exit
2022-01-30 13:39:53,308 DEBUG   HandlerThread:41845 [handler.py:handle_request():130] handle_request: poll_exit
2022-01-30 13:39:58,411 DEBUG   HandlerThread:41845 [handler.py:handle_request():130] handle_request: poll_exit
2022-01-30 13:40:03,514 DEBUG   HandlerThread:41845 [handler.py:handle_request():130] handle_request: poll_exit
2022-01-30 13:40:08,617 DEBUG   HandlerThread:41845 [handler.py:handle_request():130] handle_request: poll_exit
2022-01-30 13:40:13,721 DEBUG   HandlerThread:41845 [handler.py:handle_request():130] handle_request: poll_exit
2022-01-30 13:40:18,823 DEBUG   HandlerThread:41845 [handler.py:handle_request():130] handle_request: poll_exit
2022-01-30 13:40:23,927 DEBUG   HandlerThread:41845 [handler.py:handle_request():130] handle_request: poll_exit
2022-01-30 13:40:29,030 DEBUG   HandlerThread:41845 [handler.py:handle_request():130] handle_request: poll_exit
2022-01-30 13:40:34,133 DEBUG   HandlerThread:41845 [handler.py:handle_request():130] handle_request: poll_exit
2022-01-30 13:40:39,237 DEBUG   HandlerThread:41845 [handler.py:handle_request():130] handle_request: poll_exit
2022-01-30 13:40:44,340 DEBUG   HandlerThread:41845 [handler.py:handle_request():130] handle_request: poll_exit
2022-01-30 13:40:49,444 DEBUG   HandlerThread:41845 [handler.py:handle_request():130] handle_request: poll_exit
2022-01-30 13:40:54,546 DEBUG   HandlerThread:41845 [handler.py:handle_request():130] handle_request: poll_exit
2022-01-30 13:40:59,649 DEBUG   HandlerThread:41845 [handler.py:handle_request():130] handle_request: poll_exit
2022-01-30 13:41:04,753 DEBUG   HandlerThread:41845 [handler.py:handle_request():130] handle_request: poll_exit
2022-01-30 13:41:09,856 DEBUG   HandlerThread:41845 [handler.py:handle_request():130] handle_request: poll_exit
