2022-01-30 11:32:27,796 INFO    MainThread:39038 [internal.py:wandb_internal():87] W&B internal server running at pid: 39038, started at: 2022-01-30 11:32:27.796295
2022-01-30 11:32:27,797 INFO    WriterThread:39038 [datastore.py:open_for_write():77] open: /Users/ivanovitchsilva/mlops/week_09/Example_01/check_data/wandb/run-20220130_113227-1jybygq4/run-1jybygq4.wandb
2022-01-30 11:32:27,797 DEBUG   HandlerThread:39038 [handler.py:handle_request():130] handle_request: check_version
2022-01-30 11:32:27,798 DEBUG   SenderThread:39038 [sender.py:send():234] send: header
2022-01-30 11:32:27,798 DEBUG   SenderThread:39038 [sender.py:send_request():248] send_request: check_version
2022-01-30 11:32:29,493 DEBUG   SenderThread:39038 [sender.py:send():234] send: run
2022-01-30 11:32:30,005 INFO    SenderThread:39038 [dir_watcher.py:__init__():169] watching files in: /Users/ivanovitchsilva/mlops/week_09/Example_01/check_data/wandb/run-20220130_113227-1jybygq4/files
2022-01-30 11:32:30,005 INFO    SenderThread:39038 [sender.py:_start_run_threads():804] run started: 1jybygq4 with start time 1643553147
2022-01-30 11:32:30,005 DEBUG   SenderThread:39038 [sender.py:send():234] send: summary
2022-01-30 11:32:30,005 INFO    SenderThread:39038 [sender.py:_save_file():939] saving file wandb-summary.json with policy end
2022-01-30 11:32:30,006 DEBUG   HandlerThread:39038 [handler.py:handle_request():130] handle_request: run_start
2022-01-30 11:32:30,010 DEBUG   HandlerThread:39038 [meta.py:__init__():40] meta init
2022-01-30 11:32:30,010 DEBUG   HandlerThread:39038 [meta.py:__init__():54] meta init done
2022-01-30 11:32:30,010 DEBUG   HandlerThread:39038 [meta.py:probe():214] probe
2022-01-30 11:32:30,026 DEBUG   HandlerThread:39038 [meta.py:_setup_git():204] setup git
2022-01-30 11:32:30,083 DEBUG   HandlerThread:39038 [meta.py:_setup_git():211] setup git done
2022-01-30 11:32:30,083 DEBUG   HandlerThread:39038 [meta.py:_save_pip():58] save pip
2022-01-30 11:32:30,084 DEBUG   HandlerThread:39038 [meta.py:_save_pip():72] save pip done
2022-01-30 11:32:30,084 DEBUG   HandlerThread:39038 [meta.py:_save_conda():79] save conda
2022-01-30 11:32:30,855 DEBUG   HandlerThread:39038 [meta.py:_save_conda():89] save conda done
2022-01-30 11:32:30,855 DEBUG   HandlerThread:39038 [meta.py:probe():252] probe done
2022-01-30 11:32:30,859 DEBUG   SenderThread:39038 [sender.py:send():234] send: files
2022-01-30 11:32:30,859 INFO    SenderThread:39038 [sender.py:_save_file():939] saving file wandb-metadata.json with policy now
2022-01-30 11:32:30,863 DEBUG   HandlerThread:39038 [handler.py:handle_request():130] handle_request: stop_status
2022-01-30 11:32:30,864 DEBUG   SenderThread:39038 [sender.py:send_request():248] send_request: stop_status
2022-01-30 11:32:31,011 INFO    Thread-8  :39038 [dir_watcher.py:_on_file_created():217] file/dir created: /Users/ivanovitchsilva/mlops/week_09/Example_01/check_data/wandb/run-20220130_113227-1jybygq4/files/conda-environment.yaml
2022-01-30 11:32:31,011 INFO    Thread-8  :39038 [dir_watcher.py:_on_file_created():217] file/dir created: /Users/ivanovitchsilva/mlops/week_09/Example_01/check_data/wandb/run-20220130_113227-1jybygq4/files/wandb-summary.json
2022-01-30 11:32:31,011 INFO    Thread-8  :39038 [dir_watcher.py:_on_file_created():217] file/dir created: /Users/ivanovitchsilva/mlops/week_09/Example_01/check_data/wandb/run-20220130_113227-1jybygq4/files/wandb-metadata.json
2022-01-30 11:32:31,011 INFO    Thread-8  :39038 [dir_watcher.py:_on_file_created():217] file/dir created: /Users/ivanovitchsilva/mlops/week_09/Example_01/check_data/wandb/run-20220130_113227-1jybygq4/files/requirements.txt
2022-01-30 11:32:31,011 INFO    Thread-8  :39038 [dir_watcher.py:_on_file_created():217] file/dir created: /Users/ivanovitchsilva/mlops/week_09/Example_01/check_data/wandb/run-20220130_113227-1jybygq4/files/output.log
2022-01-30 11:32:33,022 INFO    Thread-8  :39038 [dir_watcher.py:_on_file_modified():230] file/dir modified: /Users/ivanovitchsilva/mlops/week_09/Example_01/check_data/wandb/run-20220130_113227-1jybygq4/files/output.log
2022-01-30 11:32:50,873 DEBUG   HandlerThread:39038 [handler.py:handle_request():130] handle_request: stop_status
2022-01-30 11:32:50,875 DEBUG   SenderThread:39038 [sender.py:send_request():248] send_request: stop_status
2022-01-30 11:33:05,943 ERROR   Thread-11 :39038 [retry.py:__call__():126] Retry attempt failed:
Traceback (most recent call last):
  File "/Users/ivanovitchsilva/opt/anaconda3/envs/mlflow-646ab37a5ab6e97d711e16eeb4500ce1a8212984/lib/python3.9/site-packages/urllib3/connectionpool.py", line 449, in _make_request
    six.raise_from(e, None)
  File "<string>", line 3, in raise_from
  File "/Users/ivanovitchsilva/opt/anaconda3/envs/mlflow-646ab37a5ab6e97d711e16eeb4500ce1a8212984/lib/python3.9/site-packages/urllib3/connectionpool.py", line 444, in _make_request
    httplib_response = conn.getresponse()
  File "/Users/ivanovitchsilva/opt/anaconda3/envs/mlflow-646ab37a5ab6e97d711e16eeb4500ce1a8212984/lib/python3.9/http/client.py", line 1377, in getresponse
    response.begin()
  File "/Users/ivanovitchsilva/opt/anaconda3/envs/mlflow-646ab37a5ab6e97d711e16eeb4500ce1a8212984/lib/python3.9/http/client.py", line 320, in begin
    version, status, reason = self._read_status()
  File "/Users/ivanovitchsilva/opt/anaconda3/envs/mlflow-646ab37a5ab6e97d711e16eeb4500ce1a8212984/lib/python3.9/http/client.py", line 281, in _read_status
    line = str(self.fp.readline(_MAXLINE + 1), "iso-8859-1")
  File "/Users/ivanovitchsilva/opt/anaconda3/envs/mlflow-646ab37a5ab6e97d711e16eeb4500ce1a8212984/lib/python3.9/socket.py", line 704, in readinto
    return self._sock.recv_into(b)
  File "/Users/ivanovitchsilva/opt/anaconda3/envs/mlflow-646ab37a5ab6e97d711e16eeb4500ce1a8212984/lib/python3.9/ssl.py", line 1241, in recv_into
    return self.read(nbytes, buffer)
  File "/Users/ivanovitchsilva/opt/anaconda3/envs/mlflow-646ab37a5ab6e97d711e16eeb4500ce1a8212984/lib/python3.9/ssl.py", line 1099, in read
    return self._sslobj.read(len, buffer)
socket.timeout: The read operation timed out

During handling of the above exception, another exception occurred:

Traceback (most recent call last):
  File "/Users/ivanovitchsilva/opt/anaconda3/envs/mlflow-646ab37a5ab6e97d711e16eeb4500ce1a8212984/lib/python3.9/site-packages/requests/adapters.py", line 440, in send
    resp = conn.urlopen(
  File "/Users/ivanovitchsilva/opt/anaconda3/envs/mlflow-646ab37a5ab6e97d711e16eeb4500ce1a8212984/lib/python3.9/site-packages/urllib3/connectionpool.py", line 785, in urlopen
    retries = retries.increment(
  File "/Users/ivanovitchsilva/opt/anaconda3/envs/mlflow-646ab37a5ab6e97d711e16eeb4500ce1a8212984/lib/python3.9/site-packages/urllib3/util/retry.py", line 550, in increment
    raise six.reraise(type(error), error, _stacktrace)
  File "/Users/ivanovitchsilva/opt/anaconda3/envs/mlflow-646ab37a5ab6e97d711e16eeb4500ce1a8212984/lib/python3.9/site-packages/urllib3/packages/six.py", line 770, in reraise
    raise value
  File "/Users/ivanovitchsilva/opt/anaconda3/envs/mlflow-646ab37a5ab6e97d711e16eeb4500ce1a8212984/lib/python3.9/site-packages/urllib3/connectionpool.py", line 703, in urlopen
    httplib_response = self._make_request(
  File "/Users/ivanovitchsilva/opt/anaconda3/envs/mlflow-646ab37a5ab6e97d711e16eeb4500ce1a8212984/lib/python3.9/site-packages/urllib3/connectionpool.py", line 451, in _make_request
    self._raise_timeout(err=e, url=url, timeout_value=read_timeout)
  File "/Users/ivanovitchsilva/opt/anaconda3/envs/mlflow-646ab37a5ab6e97d711e16eeb4500ce1a8212984/lib/python3.9/site-packages/urllib3/connectionpool.py", line 340, in _raise_timeout
    raise ReadTimeoutError(
urllib3.exceptions.ReadTimeoutError: HTTPSConnectionPool(host='api.wandb.ai', port=443): Read timed out. (read timeout=10)

During handling of the above exception, another exception occurred:

Traceback (most recent call last):
  File "/Users/ivanovitchsilva/opt/anaconda3/envs/mlflow-646ab37a5ab6e97d711e16eeb4500ce1a8212984/lib/python3.9/site-packages/wandb/sdk/lib/retry.py", line 102, in __call__
    result = self._call_fn(*args, **kwargs)
  File "/Users/ivanovitchsilva/opt/anaconda3/envs/mlflow-646ab37a5ab6e97d711e16eeb4500ce1a8212984/lib/python3.9/site-packages/wandb/sdk/internal/internal_api.py", line 141, in execute
    return self.client.execute(*args, **kwargs)
  File "/Users/ivanovitchsilva/opt/anaconda3/envs/mlflow-646ab37a5ab6e97d711e16eeb4500ce1a8212984/lib/python3.9/site-packages/wandb/vendor/gql-0.2.0/gql/client.py", line 52, in execute
    result = self._get_result(document, *args, **kwargs)
  File "/Users/ivanovitchsilva/opt/anaconda3/envs/mlflow-646ab37a5ab6e97d711e16eeb4500ce1a8212984/lib/python3.9/site-packages/wandb/vendor/gql-0.2.0/gql/client.py", line 60, in _get_result
    return self.transport.execute(document, *args, **kwargs)
  File "/Users/ivanovitchsilva/opt/anaconda3/envs/mlflow-646ab37a5ab6e97d711e16eeb4500ce1a8212984/lib/python3.9/site-packages/wandb/vendor/gql-0.2.0/gql/transport/requests.py", line 38, in execute
    request = requests.post(self.url, **post_args)
  File "/Users/ivanovitchsilva/opt/anaconda3/envs/mlflow-646ab37a5ab6e97d711e16eeb4500ce1a8212984/lib/python3.9/site-packages/requests/api.py", line 117, in post
    return request('post', url, data=data, json=json, **kwargs)
  File "/Users/ivanovitchsilva/opt/anaconda3/envs/mlflow-646ab37a5ab6e97d711e16eeb4500ce1a8212984/lib/python3.9/site-packages/requests/api.py", line 61, in request
    return session.request(method=method, url=url, **kwargs)
  File "/Users/ivanovitchsilva/opt/anaconda3/envs/mlflow-646ab37a5ab6e97d711e16eeb4500ce1a8212984/lib/python3.9/site-packages/requests/sessions.py", line 529, in request
    resp = self.send(prep, **send_kwargs)
  File "/Users/ivanovitchsilva/opt/anaconda3/envs/mlflow-646ab37a5ab6e97d711e16eeb4500ce1a8212984/lib/python3.9/site-packages/requests/sessions.py", line 645, in send
    r = adapter.send(request, **kwargs)
  File "/Users/ivanovitchsilva/opt/anaconda3/envs/mlflow-646ab37a5ab6e97d711e16eeb4500ce1a8212984/lib/python3.9/site-packages/requests/adapters.py", line 532, in send
    raise ReadTimeout(e, request=request)
requests.exceptions.ReadTimeout: HTTPSConnectionPool(host='api.wandb.ai', port=443): Read timed out. (read timeout=10)
2022-01-30 11:33:09,212 INFO    Thread-8  :39038 [dir_watcher.py:_on_file_modified():230] file/dir modified: /Users/ivanovitchsilva/mlops/week_09/Example_01/check_data/wandb/run-20220130_113227-1jybygq4/files/output.log
2022-01-30 11:33:10,694 DEBUG   HandlerThread:39038 [handler.py:handle_request():130] handle_request: poll_exit
2022-01-30 11:33:11,224 INFO    Thread-8  :39038 [dir_watcher.py:_on_file_modified():230] file/dir modified: /Users/ivanovitchsilva/mlops/week_09/Example_01/check_data/wandb/run-20220130_113227-1jybygq4/files/output.log
2022-01-30 11:33:12,214 INFO    Thread-11 :39038 [upload_job.py:push():137] Uploaded file /var/folders/y1/07xj9gnx39l066v29fqxzyy80000gn/T/tmpt1gf9cfiwandb/36u5t8fb-wandb-metadata.json
2022-01-30 11:33:14,934 DEBUG   SenderThread:39038 [sender.py:send():234] send: stats
2022-01-30 11:33:14,935 DEBUG   SenderThread:39038 [sender.py:send():234] send: telemetry
2022-01-30 11:33:14,937 DEBUG   SenderThread:39038 [sender.py:send():234] send: exit
2022-01-30 11:33:14,937 INFO    SenderThread:39038 [sender.py:send_exit():366] handling exit code: 0
2022-01-30 11:33:14,938 INFO    SenderThread:39038 [sender.py:send_exit():368] handling runtime: 40
2022-01-30 11:33:14,938 INFO    SenderThread:39038 [sender.py:_save_file():939] saving file wandb-summary.json with policy end
2022-01-30 11:33:14,939 INFO    SenderThread:39038 [sender.py:send_exit():374] send defer
2022-01-30 11:33:14,940 DEBUG   SenderThread:39038 [sender.py:send_request():248] send_request: poll_exit
2022-01-30 11:33:14,940 DEBUG   HandlerThread:39038 [handler.py:handle_request():130] handle_request: defer
2022-01-30 11:33:14,940 INFO    HandlerThread:39038 [handler.py:handle_request_defer():147] handle defer: 0
2022-01-30 11:33:14,941 DEBUG   SenderThread:39038 [sender.py:send_request():248] send_request: defer
2022-01-30 11:33:14,941 INFO    SenderThread:39038 [sender.py:send_request_defer():383] handle sender defer: 0
2022-01-30 11:33:14,942 INFO    SenderThread:39038 [sender.py:transition_state():387] send defer: 1
2022-01-30 11:33:14,942 DEBUG   HandlerThread:39038 [handler.py:handle_request():130] handle_request: defer
2022-01-30 11:33:14,942 INFO    HandlerThread:39038 [handler.py:handle_request_defer():147] handle defer: 1
2022-01-30 11:33:14,996 DEBUG   SenderThread:39038 [sender.py:send_request():248] send_request: defer
2022-01-30 11:33:14,997 INFO    SenderThread:39038 [sender.py:send_request_defer():383] handle sender defer: 1
2022-01-30 11:33:14,997 INFO    SenderThread:39038 [sender.py:transition_state():387] send defer: 2
2022-01-30 11:33:14,997 DEBUG   SenderThread:39038 [sender.py:send():234] send: stats
2022-01-30 11:33:14,998 DEBUG   HandlerThread:39038 [handler.py:handle_request():130] handle_request: defer
2022-01-30 11:33:14,998 INFO    HandlerThread:39038 [handler.py:handle_request_defer():147] handle defer: 2
2022-01-30 11:33:14,998 DEBUG   SenderThread:39038 [sender.py:send_request():248] send_request: defer
2022-01-30 11:33:14,998 INFO    SenderThread:39038 [sender.py:send_request_defer():383] handle sender defer: 2
2022-01-30 11:33:14,998 INFO    SenderThread:39038 [sender.py:transition_state():387] send defer: 3
2022-01-30 11:33:14,998 DEBUG   HandlerThread:39038 [handler.py:handle_request():130] handle_request: defer
2022-01-30 11:33:14,998 INFO    HandlerThread:39038 [handler.py:handle_request_defer():147] handle defer: 3
2022-01-30 11:33:14,999 DEBUG   SenderThread:39038 [sender.py:send():234] send: summary
2022-01-30 11:33:14,999 INFO    SenderThread:39038 [sender.py:_save_file():939] saving file wandb-summary.json with policy end
2022-01-30 11:33:14,999 DEBUG   SenderThread:39038 [sender.py:send_request():248] send_request: defer
2022-01-30 11:33:15,000 INFO    SenderThread:39038 [sender.py:send_request_defer():383] handle sender defer: 3
2022-01-30 11:33:15,000 INFO    SenderThread:39038 [sender.py:transition_state():387] send defer: 4
2022-01-30 11:33:15,000 DEBUG   HandlerThread:39038 [handler.py:handle_request():130] handle_request: defer
2022-01-30 11:33:15,000 INFO    HandlerThread:39038 [handler.py:handle_request_defer():147] handle defer: 4
2022-01-30 11:33:15,000 DEBUG   SenderThread:39038 [sender.py:send_request():248] send_request: defer
2022-01-30 11:33:15,000 INFO    SenderThread:39038 [sender.py:send_request_defer():383] handle sender defer: 4
2022-01-30 11:33:15,048 DEBUG   HandlerThread:39038 [handler.py:handle_request():130] handle_request: poll_exit
2022-01-30 11:33:15,238 INFO    Thread-8  :39038 [dir_watcher.py:_on_file_modified():230] file/dir modified: /Users/ivanovitchsilva/mlops/week_09/Example_01/check_data/wandb/run-20220130_113227-1jybygq4/files/wandb-summary.json
2022-01-30 11:33:15,686 INFO    SenderThread:39038 [sender.py:transition_state():387] send defer: 5
2022-01-30 11:33:15,686 DEBUG   SenderThread:39038 [sender.py:send_request():248] send_request: poll_exit
2022-01-30 11:33:15,687 DEBUG   HandlerThread:39038 [handler.py:handle_request():130] handle_request: defer
2022-01-30 11:33:15,687 INFO    HandlerThread:39038 [handler.py:handle_request_defer():147] handle defer: 5
2022-01-30 11:33:15,687 DEBUG   SenderThread:39038 [sender.py:send_request():248] send_request: defer
2022-01-30 11:33:15,687 INFO    SenderThread:39038 [sender.py:send_request_defer():383] handle sender defer: 5
2022-01-30 11:33:15,687 INFO    SenderThread:39038 [dir_watcher.py:finish():283] shutting down directory watcher
2022-01-30 11:33:15,794 DEBUG   HandlerThread:39038 [handler.py:handle_request():130] handle_request: poll_exit
2022-01-30 11:33:16,245 INFO    SenderThread:39038 [dir_watcher.py:_on_file_modified():230] file/dir modified: /Users/ivanovitchsilva/mlops/week_09/Example_01/check_data/wandb/run-20220130_113227-1jybygq4/files/config.yaml
2022-01-30 11:33:16,246 INFO    SenderThread:39038 [dir_watcher.py:finish():313] scan: /Users/ivanovitchsilva/mlops/week_09/Example_01/check_data/wandb/run-20220130_113227-1jybygq4/files
2022-01-30 11:33:16,246 INFO    SenderThread:39038 [dir_watcher.py:finish():327] scan save: /Users/ivanovitchsilva/mlops/week_09/Example_01/check_data/wandb/run-20220130_113227-1jybygq4/files/requirements.txt requirements.txt
2022-01-30 11:33:16,247 INFO    SenderThread:39038 [dir_watcher.py:finish():327] scan save: /Users/ivanovitchsilva/mlops/week_09/Example_01/check_data/wandb/run-20220130_113227-1jybygq4/files/output.log output.log
2022-01-30 11:33:16,247 INFO    SenderThread:39038 [dir_watcher.py:finish():327] scan save: /Users/ivanovitchsilva/mlops/week_09/Example_01/check_data/wandb/run-20220130_113227-1jybygq4/files/config.yaml config.yaml
2022-01-30 11:33:16,257 INFO    SenderThread:39038 [dir_watcher.py:finish():327] scan save: /Users/ivanovitchsilva/mlops/week_09/Example_01/check_data/wandb/run-20220130_113227-1jybygq4/files/wandb-summary.json wandb-summary.json
2022-01-30 11:33:16,261 INFO    SenderThread:39038 [dir_watcher.py:finish():327] scan save: /Users/ivanovitchsilva/mlops/week_09/Example_01/check_data/wandb/run-20220130_113227-1jybygq4/files/conda-environment.yaml conda-environment.yaml
2022-01-30 11:33:16,263 INFO    SenderThread:39038 [dir_watcher.py:finish():327] scan save: /Users/ivanovitchsilva/mlops/week_09/Example_01/check_data/wandb/run-20220130_113227-1jybygq4/files/wandb-metadata.json wandb-metadata.json
2022-01-30 11:33:16,267 INFO    SenderThread:39038 [sender.py:transition_state():387] send defer: 6
2022-01-30 11:33:16,268 DEBUG   SenderThread:39038 [sender.py:send_request():248] send_request: poll_exit
2022-01-30 11:33:16,270 DEBUG   HandlerThread:39038 [handler.py:handle_request():130] handle_request: defer
2022-01-30 11:33:16,270 INFO    HandlerThread:39038 [handler.py:handle_request_defer():147] handle defer: 6
2022-01-30 11:33:16,271 DEBUG   SenderThread:39038 [sender.py:send_request():248] send_request: defer
2022-01-30 11:33:16,274 INFO    SenderThread:39038 [sender.py:send_request_defer():383] handle sender defer: 6
2022-01-30 11:33:16,274 INFO    SenderThread:39038 [file_pusher.py:finish():177] shutting down file pusher
2022-01-30 11:33:16,377 DEBUG   HandlerThread:39038 [handler.py:handle_request():130] handle_request: poll_exit
2022-01-30 11:33:16,377 DEBUG   SenderThread:39038 [sender.py:send_request():248] send_request: poll_exit
2022-01-30 11:33:16,484 DEBUG   HandlerThread:39038 [handler.py:handle_request():130] handle_request: poll_exit
2022-01-30 11:33:16,484 DEBUG   SenderThread:39038 [sender.py:send_request():248] send_request: poll_exit
2022-01-30 11:33:16,589 DEBUG   HandlerThread:39038 [handler.py:handle_request():130] handle_request: poll_exit
2022-01-30 11:33:16,590 DEBUG   SenderThread:39038 [sender.py:send_request():248] send_request: poll_exit
2022-01-30 11:33:16,695 DEBUG   HandlerThread:39038 [handler.py:handle_request():130] handle_request: poll_exit
2022-01-30 11:33:16,695 DEBUG   SenderThread:39038 [sender.py:send_request():248] send_request: poll_exit
2022-01-30 11:33:16,801 DEBUG   HandlerThread:39038 [handler.py:handle_request():130] handle_request: poll_exit
2022-01-30 11:33:16,802 DEBUG   SenderThread:39038 [sender.py:send_request():248] send_request: poll_exit
2022-01-30 11:33:16,908 DEBUG   HandlerThread:39038 [handler.py:handle_request():130] handle_request: poll_exit
2022-01-30 11:33:16,908 DEBUG   SenderThread:39038 [sender.py:send_request():248] send_request: poll_exit
2022-01-30 11:33:17,015 DEBUG   HandlerThread:39038 [handler.py:handle_request():130] handle_request: poll_exit
2022-01-30 11:33:17,015 DEBUG   SenderThread:39038 [sender.py:send_request():248] send_request: poll_exit
2022-01-30 11:33:17,121 DEBUG   HandlerThread:39038 [handler.py:handle_request():130] handle_request: poll_exit
2022-01-30 11:33:17,121 DEBUG   SenderThread:39038 [sender.py:send_request():248] send_request: poll_exit
2022-01-30 11:33:17,227 DEBUG   HandlerThread:39038 [handler.py:handle_request():130] handle_request: poll_exit
2022-01-30 11:33:17,227 DEBUG   SenderThread:39038 [sender.py:send_request():248] send_request: poll_exit
2022-01-30 11:33:17,333 DEBUG   HandlerThread:39038 [handler.py:handle_request():130] handle_request: poll_exit
2022-01-30 11:33:17,333 DEBUG   SenderThread:39038 [sender.py:send_request():248] send_request: poll_exit
2022-01-30 11:33:17,439 DEBUG   HandlerThread:39038 [handler.py:handle_request():130] handle_request: poll_exit
2022-01-30 11:33:17,440 DEBUG   SenderThread:39038 [sender.py:send_request():248] send_request: poll_exit
2022-01-30 11:33:17,547 DEBUG   HandlerThread:39038 [handler.py:handle_request():130] handle_request: poll_exit
2022-01-30 11:33:17,547 DEBUG   SenderThread:39038 [sender.py:send_request():248] send_request: poll_exit
2022-01-30 11:33:17,655 DEBUG   HandlerThread:39038 [handler.py:handle_request():130] handle_request: poll_exit
2022-01-30 11:33:17,656 DEBUG   SenderThread:39038 [sender.py:send_request():248] send_request: poll_exit
2022-01-30 11:33:17,673 INFO    Thread-15 :39038 [upload_job.py:push():137] Uploaded file /Users/ivanovitchsilva/mlops/week_09/Example_01/check_data/wandb/run-20220130_113227-1jybygq4/files/wandb-summary.json
2022-01-30 11:33:17,765 DEBUG   HandlerThread:39038 [handler.py:handle_request():130] handle_request: poll_exit
2022-01-30 11:33:17,766 DEBUG   SenderThread:39038 [sender.py:send_request():248] send_request: poll_exit
2022-01-30 11:33:17,875 DEBUG   HandlerThread:39038 [handler.py:handle_request():130] handle_request: poll_exit
2022-01-30 11:33:17,875 DEBUG   SenderThread:39038 [sender.py:send_request():248] send_request: poll_exit
2022-01-30 11:33:17,984 DEBUG   HandlerThread:39038 [handler.py:handle_request():130] handle_request: poll_exit
2022-01-30 11:33:17,984 DEBUG   SenderThread:39038 [sender.py:send_request():248] send_request: poll_exit
2022-01-30 11:33:18,092 DEBUG   HandlerThread:39038 [handler.py:handle_request():130] handle_request: poll_exit
2022-01-30 11:33:18,093 DEBUG   SenderThread:39038 [sender.py:send_request():248] send_request: poll_exit
2022-01-30 11:33:18,203 DEBUG   HandlerThread:39038 [handler.py:handle_request():130] handle_request: poll_exit
2022-01-30 11:33:18,204 DEBUG   SenderThread:39038 [sender.py:send_request():248] send_request: poll_exit
2022-01-30 11:33:18,313 DEBUG   HandlerThread:39038 [handler.py:handle_request():130] handle_request: poll_exit
2022-01-30 11:33:18,314 DEBUG   SenderThread:39038 [sender.py:send_request():248] send_request: poll_exit
2022-01-30 11:33:18,424 DEBUG   HandlerThread:39038 [handler.py:handle_request():130] handle_request: poll_exit
2022-01-30 11:33:18,424 DEBUG   SenderThread:39038 [sender.py:send_request():248] send_request: poll_exit
2022-01-30 11:33:18,534 DEBUG   HandlerThread:39038 [handler.py:handle_request():130] handle_request: poll_exit
2022-01-30 11:33:18,535 DEBUG   SenderThread:39038 [sender.py:send_request():248] send_request: poll_exit
2022-01-30 11:33:18,644 DEBUG   HandlerThread:39038 [handler.py:handle_request():130] handle_request: poll_exit
2022-01-30 11:33:18,645 DEBUG   SenderThread:39038 [sender.py:send_request():248] send_request: poll_exit
2022-01-30 11:33:18,665 INFO    Thread-14 :39038 [upload_job.py:push():137] Uploaded file /Users/ivanovitchsilva/mlops/week_09/Example_01/check_data/wandb/run-20220130_113227-1jybygq4/files/config.yaml
2022-01-30 11:33:18,754 DEBUG   HandlerThread:39038 [handler.py:handle_request():130] handle_request: poll_exit
2022-01-30 11:33:18,754 DEBUG   SenderThread:39038 [sender.py:send_request():248] send_request: poll_exit
2022-01-30 11:33:18,864 DEBUG   HandlerThread:39038 [handler.py:handle_request():130] handle_request: poll_exit
2022-01-30 11:33:18,865 DEBUG   SenderThread:39038 [sender.py:send_request():248] send_request: poll_exit
2022-01-30 11:33:18,974 DEBUG   HandlerThread:39038 [handler.py:handle_request():130] handle_request: poll_exit
2022-01-30 11:33:18,975 DEBUG   SenderThread:39038 [sender.py:send_request():248] send_request: poll_exit
2022-01-30 11:33:19,016 INFO    Thread-16 :39038 [upload_job.py:push():137] Uploaded file /Users/ivanovitchsilva/mlops/week_09/Example_01/check_data/wandb/run-20220130_113227-1jybygq4/files/conda-environment.yaml
2022-01-30 11:33:19,085 DEBUG   HandlerThread:39038 [handler.py:handle_request():130] handle_request: poll_exit
2022-01-30 11:33:19,086 DEBUG   SenderThread:39038 [sender.py:send_request():248] send_request: poll_exit
2022-01-30 11:33:19,195 DEBUG   HandlerThread:39038 [handler.py:handle_request():130] handle_request: poll_exit
2022-01-30 11:33:19,196 DEBUG   SenderThread:39038 [sender.py:send_request():248] send_request: poll_exit
2022-01-30 11:33:19,304 DEBUG   HandlerThread:39038 [handler.py:handle_request():130] handle_request: poll_exit
2022-01-30 11:33:19,305 DEBUG   SenderThread:39038 [sender.py:send_request():248] send_request: poll_exit
2022-01-30 11:33:19,414 DEBUG   HandlerThread:39038 [handler.py:handle_request():130] handle_request: poll_exit
2022-01-30 11:33:19,415 DEBUG   SenderThread:39038 [sender.py:send_request():248] send_request: poll_exit
2022-01-30 11:33:19,524 DEBUG   HandlerThread:39038 [handler.py:handle_request():130] handle_request: poll_exit
2022-01-30 11:33:19,525 DEBUG   SenderThread:39038 [sender.py:send_request():248] send_request: poll_exit
2022-01-30 11:33:19,633 DEBUG   HandlerThread:39038 [handler.py:handle_request():130] handle_request: poll_exit
2022-01-30 11:33:19,633 DEBUG   SenderThread:39038 [sender.py:send_request():248] send_request: poll_exit
2022-01-30 11:33:19,740 DEBUG   HandlerThread:39038 [handler.py:handle_request():130] handle_request: poll_exit
2022-01-30 11:33:19,741 DEBUG   SenderThread:39038 [sender.py:send_request():248] send_request: poll_exit
2022-01-30 11:33:19,844 DEBUG   HandlerThread:39038 [handler.py:handle_request():130] handle_request: poll_exit
2022-01-30 11:33:19,845 DEBUG   SenderThread:39038 [sender.py:send_request():248] send_request: poll_exit
2022-01-30 11:33:19,952 DEBUG   HandlerThread:39038 [handler.py:handle_request():130] handle_request: poll_exit
2022-01-30 11:33:19,952 DEBUG   SenderThread:39038 [sender.py:send_request():248] send_request: poll_exit
2022-01-30 11:33:20,061 DEBUG   HandlerThread:39038 [handler.py:handle_request():130] handle_request: poll_exit
2022-01-30 11:33:20,062 DEBUG   SenderThread:39038 [sender.py:send_request():248] send_request: poll_exit
2022-01-30 11:33:20,169 DEBUG   HandlerThread:39038 [handler.py:handle_request():130] handle_request: poll_exit
2022-01-30 11:33:20,170 DEBUG   SenderThread:39038 [sender.py:send_request():248] send_request: poll_exit
2022-01-30 11:33:20,277 DEBUG   HandlerThread:39038 [handler.py:handle_request():130] handle_request: poll_exit
2022-01-30 11:33:20,278 DEBUG   SenderThread:39038 [sender.py:send_request():248] send_request: poll_exit
2022-01-30 11:33:20,386 DEBUG   HandlerThread:39038 [handler.py:handle_request():130] handle_request: poll_exit
2022-01-30 11:33:20,386 DEBUG   SenderThread:39038 [sender.py:send_request():248] send_request: poll_exit
2022-01-30 11:33:20,494 DEBUG   HandlerThread:39038 [handler.py:handle_request():130] handle_request: poll_exit
2022-01-30 11:33:20,495 DEBUG   SenderThread:39038 [sender.py:send_request():248] send_request: poll_exit
2022-01-30 11:33:20,603 DEBUG   HandlerThread:39038 [handler.py:handle_request():130] handle_request: poll_exit
2022-01-30 11:33:20,604 DEBUG   SenderThread:39038 [sender.py:send_request():248] send_request: poll_exit
2022-01-30 11:33:20,713 DEBUG   HandlerThread:39038 [handler.py:handle_request():130] handle_request: poll_exit
2022-01-30 11:33:20,714 DEBUG   SenderThread:39038 [sender.py:send_request():248] send_request: poll_exit
2022-01-30 11:33:20,823 DEBUG   HandlerThread:39038 [handler.py:handle_request():130] handle_request: poll_exit
2022-01-30 11:33:20,824 DEBUG   SenderThread:39038 [sender.py:send_request():248] send_request: poll_exit
2022-01-30 11:33:20,933 DEBUG   HandlerThread:39038 [handler.py:handle_request():130] handle_request: poll_exit
2022-01-30 11:33:20,934 DEBUG   SenderThread:39038 [sender.py:send_request():248] send_request: poll_exit
2022-01-30 11:33:21,043 DEBUG   HandlerThread:39038 [handler.py:handle_request():130] handle_request: poll_exit
2022-01-30 11:33:21,044 DEBUG   SenderThread:39038 [sender.py:send_request():248] send_request: poll_exit
2022-01-30 11:33:21,153 DEBUG   HandlerThread:39038 [handler.py:handle_request():130] handle_request: poll_exit
2022-01-30 11:33:21,154 DEBUG   SenderThread:39038 [sender.py:send_request():248] send_request: poll_exit
2022-01-30 11:33:21,263 DEBUG   HandlerThread:39038 [handler.py:handle_request():130] handle_request: poll_exit
2022-01-30 11:33:21,264 DEBUG   SenderThread:39038 [sender.py:send_request():248] send_request: poll_exit
2022-01-30 11:33:21,373 DEBUG   HandlerThread:39038 [handler.py:handle_request():130] handle_request: poll_exit
2022-01-30 11:33:21,374 DEBUG   SenderThread:39038 [sender.py:send_request():248] send_request: poll_exit
2022-01-30 11:33:21,482 DEBUG   HandlerThread:39038 [handler.py:handle_request():130] handle_request: poll_exit
2022-01-30 11:33:21,483 DEBUG   SenderThread:39038 [sender.py:send_request():248] send_request: poll_exit
2022-01-30 11:33:21,590 DEBUG   HandlerThread:39038 [handler.py:handle_request():130] handle_request: poll_exit
2022-01-30 11:33:21,591 DEBUG   SenderThread:39038 [sender.py:send_request():248] send_request: poll_exit
2022-01-30 11:33:21,700 DEBUG   HandlerThread:39038 [handler.py:handle_request():130] handle_request: poll_exit
2022-01-30 11:33:21,701 DEBUG   SenderThread:39038 [sender.py:send_request():248] send_request: poll_exit
2022-01-30 11:33:21,807 DEBUG   HandlerThread:39038 [handler.py:handle_request():130] handle_request: poll_exit
2022-01-30 11:33:21,808 DEBUG   SenderThread:39038 [sender.py:send_request():248] send_request: poll_exit
2022-01-30 11:33:21,914 DEBUG   HandlerThread:39038 [handler.py:handle_request():130] handle_request: poll_exit
2022-01-30 11:33:21,914 DEBUG   SenderThread:39038 [sender.py:send_request():248] send_request: poll_exit
2022-01-30 11:33:22,024 DEBUG   HandlerThread:39038 [handler.py:handle_request():130] handle_request: poll_exit
2022-01-30 11:33:22,025 DEBUG   SenderThread:39038 [sender.py:send_request():248] send_request: poll_exit
2022-01-30 11:33:22,130 DEBUG   HandlerThread:39038 [handler.py:handle_request():130] handle_request: poll_exit
2022-01-30 11:33:22,131 DEBUG   SenderThread:39038 [sender.py:send_request():248] send_request: poll_exit
2022-01-30 11:33:22,241 DEBUG   HandlerThread:39038 [handler.py:handle_request():130] handle_request: poll_exit
2022-01-30 11:33:22,241 DEBUG   SenderThread:39038 [sender.py:send_request():248] send_request: poll_exit
2022-01-30 11:33:22,347 DEBUG   HandlerThread:39038 [handler.py:handle_request():130] handle_request: poll_exit
2022-01-30 11:33:22,348 DEBUG   SenderThread:39038 [sender.py:send_request():248] send_request: poll_exit
2022-01-30 11:33:22,452 DEBUG   HandlerThread:39038 [handler.py:handle_request():130] handle_request: poll_exit
2022-01-30 11:33:22,453 DEBUG   SenderThread:39038 [sender.py:send_request():248] send_request: poll_exit
2022-01-30 11:33:22,562 DEBUG   HandlerThread:39038 [handler.py:handle_request():130] handle_request: poll_exit
2022-01-30 11:33:22,563 DEBUG   SenderThread:39038 [sender.py:send_request():248] send_request: poll_exit
2022-01-30 11:33:22,672 DEBUG   HandlerThread:39038 [handler.py:handle_request():130] handle_request: poll_exit
2022-01-30 11:33:22,673 DEBUG   SenderThread:39038 [sender.py:send_request():248] send_request: poll_exit
2022-01-30 11:33:22,777 DEBUG   HandlerThread:39038 [handler.py:handle_request():130] handle_request: poll_exit
2022-01-30 11:33:22,778 DEBUG   SenderThread:39038 [sender.py:send_request():248] send_request: poll_exit
2022-01-30 11:33:22,884 DEBUG   HandlerThread:39038 [handler.py:handle_request():130] handle_request: poll_exit
2022-01-30 11:33:22,884 DEBUG   SenderThread:39038 [sender.py:send_request():248] send_request: poll_exit
2022-01-30 11:33:22,992 DEBUG   HandlerThread:39038 [handler.py:handle_request():130] handle_request: poll_exit
2022-01-30 11:33:22,993 DEBUG   SenderThread:39038 [sender.py:send_request():248] send_request: poll_exit
2022-01-30 11:33:23,100 DEBUG   HandlerThread:39038 [handler.py:handle_request():130] handle_request: poll_exit
2022-01-30 11:33:23,101 DEBUG   SenderThread:39038 [sender.py:send_request():248] send_request: poll_exit
2022-01-30 11:33:23,207 DEBUG   HandlerThread:39038 [handler.py:handle_request():130] handle_request: poll_exit
2022-01-30 11:33:23,208 DEBUG   SenderThread:39038 [sender.py:send_request():248] send_request: poll_exit
2022-01-30 11:33:23,317 DEBUG   HandlerThread:39038 [handler.py:handle_request():130] handle_request: poll_exit
2022-01-30 11:33:23,317 DEBUG   SenderThread:39038 [sender.py:send_request():248] send_request: poll_exit
2022-01-30 11:33:23,424 DEBUG   HandlerThread:39038 [handler.py:handle_request():130] handle_request: poll_exit
2022-01-30 11:33:23,424 DEBUG   SenderThread:39038 [sender.py:send_request():248] send_request: poll_exit
2022-01-30 11:33:23,534 DEBUG   HandlerThread:39038 [handler.py:handle_request():130] handle_request: poll_exit
2022-01-30 11:33:23,535 DEBUG   SenderThread:39038 [sender.py:send_request():248] send_request: poll_exit
2022-01-30 11:33:23,641 DEBUG   HandlerThread:39038 [handler.py:handle_request():130] handle_request: poll_exit
2022-01-30 11:33:23,642 DEBUG   SenderThread:39038 [sender.py:send_request():248] send_request: poll_exit
2022-01-30 11:33:23,751 DEBUG   HandlerThread:39038 [handler.py:handle_request():130] handle_request: poll_exit
2022-01-30 11:33:23,752 DEBUG   SenderThread:39038 [sender.py:send_request():248] send_request: poll_exit
2022-01-30 11:33:23,857 DEBUG   HandlerThread:39038 [handler.py:handle_request():130] handle_request: poll_exit
2022-01-30 11:33:23,858 DEBUG   SenderThread:39038 [sender.py:send_request():248] send_request: poll_exit
2022-01-30 11:33:23,965 DEBUG   HandlerThread:39038 [handler.py:handle_request():130] handle_request: poll_exit
2022-01-30 11:33:23,965 DEBUG   SenderThread:39038 [sender.py:send_request():248] send_request: poll_exit
2022-01-30 11:33:24,074 DEBUG   HandlerThread:39038 [handler.py:handle_request():130] handle_request: poll_exit
2022-01-30 11:33:24,074 DEBUG   SenderThread:39038 [sender.py:send_request():248] send_request: poll_exit
2022-01-30 11:33:24,183 DEBUG   HandlerThread:39038 [handler.py:handle_request():130] handle_request: poll_exit
2022-01-30 11:33:24,184 DEBUG   SenderThread:39038 [sender.py:send_request():248] send_request: poll_exit
2022-01-30 11:33:24,293 DEBUG   HandlerThread:39038 [handler.py:handle_request():130] handle_request: poll_exit
2022-01-30 11:33:24,294 DEBUG   SenderThread:39038 [sender.py:send_request():248] send_request: poll_exit
2022-01-30 11:33:24,401 DEBUG   HandlerThread:39038 [handler.py:handle_request():130] handle_request: poll_exit
2022-01-30 11:33:24,402 DEBUG   SenderThread:39038 [sender.py:send_request():248] send_request: poll_exit
2022-01-30 11:33:24,507 DEBUG   HandlerThread:39038 [handler.py:handle_request():130] handle_request: poll_exit
2022-01-30 11:33:24,508 DEBUG   SenderThread:39038 [sender.py:send_request():248] send_request: poll_exit
2022-01-30 11:33:24,616 DEBUG   HandlerThread:39038 [handler.py:handle_request():130] handle_request: poll_exit
2022-01-30 11:33:24,616 DEBUG   SenderThread:39038 [sender.py:send_request():248] send_request: poll_exit
2022-01-30 11:33:24,722 DEBUG   HandlerThread:39038 [handler.py:handle_request():130] handle_request: poll_exit
2022-01-30 11:33:24,722 DEBUG   SenderThread:39038 [sender.py:send_request():248] send_request: poll_exit
2022-01-30 11:33:24,828 DEBUG   HandlerThread:39038 [handler.py:handle_request():130] handle_request: poll_exit
2022-01-30 11:33:24,828 DEBUG   SenderThread:39038 [sender.py:send_request():248] send_request: poll_exit
2022-01-30 11:33:24,935 DEBUG   HandlerThread:39038 [handler.py:handle_request():130] handle_request: poll_exit
2022-01-30 11:33:24,936 DEBUG   SenderThread:39038 [sender.py:send_request():248] send_request: poll_exit
2022-01-30 11:33:25,040 DEBUG   HandlerThread:39038 [handler.py:handle_request():130] handle_request: poll_exit
2022-01-30 11:33:25,041 DEBUG   SenderThread:39038 [sender.py:send_request():248] send_request: poll_exit
2022-01-30 11:33:25,148 DEBUG   HandlerThread:39038 [handler.py:handle_request():130] handle_request: poll_exit
2022-01-30 11:33:25,148 DEBUG   SenderThread:39038 [sender.py:send_request():248] send_request: poll_exit
2022-01-30 11:33:25,257 DEBUG   HandlerThread:39038 [handler.py:handle_request():130] handle_request: poll_exit
2022-01-30 11:33:25,258 DEBUG   SenderThread:39038 [sender.py:send_request():248] send_request: poll_exit
2022-01-30 11:33:25,367 DEBUG   HandlerThread:39038 [handler.py:handle_request():130] handle_request: poll_exit
2022-01-30 11:33:25,368 DEBUG   SenderThread:39038 [sender.py:send_request():248] send_request: poll_exit
2022-01-30 11:33:25,437 INFO    Thread-12 :39038 [upload_job.py:push():137] Uploaded file /Users/ivanovitchsilva/mlops/week_09/Example_01/check_data/wandb/run-20220130_113227-1jybygq4/files/requirements.txt
2022-01-30 11:33:25,477 DEBUG   HandlerThread:39038 [handler.py:handle_request():130] handle_request: poll_exit
2022-01-30 11:33:25,477 DEBUG   SenderThread:39038 [sender.py:send_request():248] send_request: poll_exit
2022-01-30 11:33:25,587 DEBUG   HandlerThread:39038 [handler.py:handle_request():130] handle_request: poll_exit
2022-01-30 11:33:25,588 DEBUG   SenderThread:39038 [sender.py:send_request():248] send_request: poll_exit
2022-01-30 11:33:25,693 DEBUG   HandlerThread:39038 [handler.py:handle_request():130] handle_request: poll_exit
2022-01-30 11:33:25,694 DEBUG   SenderThread:39038 [sender.py:send_request():248] send_request: poll_exit
2022-01-30 11:33:25,800 DEBUG   HandlerThread:39038 [handler.py:handle_request():130] handle_request: poll_exit
2022-01-30 11:33:25,801 DEBUG   SenderThread:39038 [sender.py:send_request():248] send_request: poll_exit
2022-01-30 11:33:25,810 INFO    Thread-13 :39038 [upload_job.py:push():137] Uploaded file /Users/ivanovitchsilva/mlops/week_09/Example_01/check_data/wandb/run-20220130_113227-1jybygq4/files/output.log
2022-01-30 11:33:25,907 DEBUG   HandlerThread:39038 [handler.py:handle_request():130] handle_request: poll_exit
2022-01-30 11:33:25,908 DEBUG   SenderThread:39038 [sender.py:send_request():248] send_request: poll_exit
2022-01-30 11:33:26,016 INFO    Thread-7  :39038 [sender.py:transition_state():387] send defer: 7
2022-01-30 11:33:26,017 DEBUG   HandlerThread:39038 [handler.py:handle_request():130] handle_request: poll_exit
2022-01-30 11:33:26,018 DEBUG   SenderThread:39038 [sender.py:send_request():248] send_request: poll_exit
2022-01-30 11:33:26,018 DEBUG   HandlerThread:39038 [handler.py:handle_request():130] handle_request: defer
2022-01-30 11:33:26,019 INFO    HandlerThread:39038 [handler.py:handle_request_defer():147] handle defer: 7
2022-01-30 11:33:26,019 DEBUG   SenderThread:39038 [sender.py:send_request():248] send_request: defer
2022-01-30 11:33:26,020 INFO    SenderThread:39038 [sender.py:send_request_defer():383] handle sender defer: 7
2022-01-30 11:33:26,124 DEBUG   HandlerThread:39038 [handler.py:handle_request():130] handle_request: poll_exit
2022-01-30 11:33:31,231 DEBUG   HandlerThread:39038 [handler.py:handle_request():130] handle_request: poll_exit
2022-01-30 11:33:36,343 DEBUG   HandlerThread:39038 [handler.py:handle_request():130] handle_request: poll_exit
2022-01-30 11:33:37,001 INFO    SenderThread:39038 [sender.py:transition_state():387] send defer: 8
2022-01-30 11:33:37,001 DEBUG   SenderThread:39038 [sender.py:send_request():248] send_request: poll_exit
2022-01-30 11:33:37,002 DEBUG   SenderThread:39038 [sender.py:send_request():248] send_request: poll_exit
2022-01-30 11:33:37,003 DEBUG   SenderThread:39038 [sender.py:send_request():248] send_request: poll_exit
2022-01-30 11:33:37,004 DEBUG   HandlerThread:39038 [handler.py:handle_request():130] handle_request: defer
2022-01-30 11:33:37,004 INFO    HandlerThread:39038 [handler.py:handle_request_defer():147] handle defer: 8
2022-01-30 11:33:37,004 DEBUG   SenderThread:39038 [sender.py:send_request():248] send_request: defer
2022-01-30 11:33:37,005 INFO    SenderThread:39038 [sender.py:send_request_defer():383] handle sender defer: 8
2022-01-30 11:33:37,005 INFO    SenderThread:39038 [sender.py:transition_state():387] send defer: 9
2022-01-30 11:33:37,005 DEBUG   SenderThread:39038 [sender.py:send():234] send: final
2022-01-30 11:33:37,006 DEBUG   SenderThread:39038 [sender.py:send():234] send: footer
2022-01-30 11:33:37,006 DEBUG   HandlerThread:39038 [handler.py:handle_request():130] handle_request: defer
2022-01-30 11:33:37,006 INFO    HandlerThread:39038 [handler.py:handle_request_defer():147] handle defer: 9
2022-01-30 11:33:37,006 DEBUG   SenderThread:39038 [sender.py:send_request():248] send_request: defer
2022-01-30 11:33:37,006 INFO    SenderThread:39038 [sender.py:send_request_defer():383] handle sender defer: 9
2022-01-30 11:33:37,112 DEBUG   HandlerThread:39038 [handler.py:handle_request():130] handle_request: poll_exit
2022-01-30 11:33:37,113 DEBUG   SenderThread:39038 [sender.py:send_request():248] send_request: poll_exit
2022-01-30 11:33:37,113 INFO    SenderThread:39038 [file_pusher.py:join():182] waiting for file pusher
2022-01-30 11:33:39,267 DEBUG   HandlerThread:39038 [handler.py:handle_request():130] handle_request: get_summary
2022-01-30 11:33:39,268 DEBUG   HandlerThread:39038 [handler.py:handle_request():130] handle_request: sampled_history
2022-01-30 11:33:39,269 DEBUG   HandlerThread:39038 [handler.py:handle_request():130] handle_request: shutdown
2022-01-30 11:33:39,270 INFO    HandlerThread:39038 [handler.py:finish():731] shutting down handler
2022-01-30 11:33:40,014 INFO    WriterThread:39038 [datastore.py:close():281] close: /Users/ivanovitchsilva/mlops/week_09/Example_01/check_data/wandb/run-20220130_113227-1jybygq4/run-1jybygq4.wandb
2022-01-30 11:33:40,268 INFO    SenderThread:39038 [sender.py:finish():1070] shutting down sender
2022-01-30 11:33:40,269 INFO    SenderThread:39038 [file_pusher.py:finish():177] shutting down file pusher
2022-01-30 11:33:40,269 INFO    SenderThread:39038 [file_pusher.py:join():182] waiting for file pusher
2022-01-30 11:33:40,279 INFO    MainThread:39038 [internal.py:handle_exit():77] Internal process exited
